<?xml version="1.0" encoding="UTF-8"?>
<coverage generated="1715111510638" clover="3.2.0">
  <project timestamp="1715111510638" name="All files">
    <metrics statements="249" coveredstatements="115" conditionals="54" coveredconditionals="7" methods="48" coveredmethods="28" elements="351" coveredelements="150" complexity="0" loc="249" ncloc="249" packages="1" files="3" classes="3"/>
    <file name="INT1099.tsx" path="C:\Skillstorm\finalProjectTwo\Tax-Prep-System\Frontend\Tax-Prep-System-Frontend\src\components\INT1099.tsx">
      <metrics statements="62" coveredstatements="30" conditionals="11" coveredconditionals="2" methods="13" coveredmethods="6"/>
      <line num="1" count="1" type="stmt"/>
      <line num="2" count="1" type="stmt"/>
      <line num="3" count="1" type="stmt"/>
      <line num="4" count="1" type="stmt"/>
      <line num="31" count="1" type="stmt"/>
      <line num="33" count="5" type="stmt"/>
      <line num="35" count="5" type="stmt"/>
      <line num="42" count="5" type="stmt"/>
      <line num="54" count="5" type="stmt"/>
      <line num="55" count="5" type="stmt"/>
      <line num="56" count="5" type="stmt"/>
      <line num="57" count="5" type="stmt"/>
      <line num="60" count="5" type="stmt"/>
      <line num="61" count="5" type="stmt"/>
      <line num="63" count="5" type="stmt"/>
      <line num="64" count="3" type="stmt"/>
      <line num="65" count="3" type="stmt"/>
      <line num="69" count="0" type="cond" truecount="0" falsecount="1"/>
      <line num="70" count="0" type="stmt"/>
      <line num="71" count="0" type="stmt"/>
      <line num="72" count="0" type="stmt"/>
      <line num="75" count="0" type="stmt"/>
      <line num="79" count="5" type="stmt"/>
      <line num="80" count="3" type="stmt"/>
      <line num="81" count="3" type="stmt"/>
      <line num="85" count="0" type="cond" truecount="0" falsecount="1"/>
      <line num="86" count="0" type="stmt"/>
      <line num="87" count="0" type="stmt"/>
      <line num="91" count="0" type="stmt"/>
      <line num="95" count="5" type="stmt"/>
      <line num="96" count="3" type="stmt"/>
      <line num="97" count="3" type="stmt"/>
      <line num="100" count="5" type="stmt"/>
      <line num="101" count="0" type="stmt"/>
      <line num="103" count="0" type="stmt"/>
      <line num="104" count="0" type="stmt"/>
      <line num="105" count="0" type="stmt"/>
      <line num="106" count="0" type="stmt"/>
      <line num="108" count="0" type="cond" truecount="0" falsecount="1"/>
      <line num="109" count="0" type="stmt"/>
      <line num="110" count="0" type="stmt"/>
      <line num="111" count="0" type="stmt"/>
      <line num="114" count="0" type="stmt"/>
      <line num="126" count="0" type="cond" truecount="0" falsecount="2"/>
      <line num="127" count="0" type="cond" truecount="0" falsecount="2"/>
      <line num="129" count="0" type="stmt"/>
      <line num="130" count="0" type="stmt"/>
      <line num="138" count="0" type="stmt"/>
      <line num="140" count="0" type="stmt"/>
      <line num="141" count="0" type="stmt"/>
      <line num="143" count="0" type="stmt"/>
      <line num="144" count="0" type="stmt"/>
      <line num="145" count="0" type="stmt"/>
      <line num="147" count="0" type="stmt"/>
      <line num="151" count="5" type="stmt"/>
      <line num="152" count="1" type="stmt"/>
      <line num="154" count="1" type="stmt"/>
      <line num="160" count="5" type="stmt"/>
      <line num="161" count="0" type="stmt"/>
      <line num="162" count="0" type="stmt"/>
      <line num="167" count="5" type="stmt"/>
      <line num="275" count="1" type="stmt"/>
    </file>
    <file name="PersonalInfoForm.tsx" path="C:\Skillstorm\finalProjectTwo\Tax-Prep-System\Frontend\Tax-Prep-System-Frontend\src\components\PersonalInfoForm.tsx">
      <metrics statements="112" coveredstatements="52" conditionals="30" coveredconditionals="3" methods="23" coveredmethods="14"/>
      <line num="1" count="1" type="stmt"/>
      <line num="2" count="1" type="stmt"/>
      <line num="3" count="1" type="stmt"/>
      <line num="4" count="1" type="stmt"/>
      <line num="5" count="1" type="stmt"/>
      <line num="35" count="1" type="stmt"/>
      <line num="37" count="15" type="stmt"/>
      <line num="39" count="15" type="stmt"/>
      <line num="54" count="15" type="stmt"/>
      <line num="62" count="15" type="stmt"/>
      <line num="63" count="15" type="stmt"/>
      <line num="64" count="15" type="stmt"/>
      <line num="65" count="15" type="stmt"/>
      <line num="66" count="15" type="stmt"/>
      <line num="67" count="15" type="stmt"/>
      <line num="68" count="15" type="stmt"/>
      <line num="70" count="15" type="stmt"/>
      <line num="71" count="15" type="stmt"/>
      <line num="75" count="15" type="stmt"/>
      <line num="76" count="8" type="stmt"/>
      <line num="77" count="8" type="stmt"/>
      <line num="81" count="0" type="cond" truecount="0" falsecount="1"/>
      <line num="82" count="0" type="stmt"/>
      <line num="83" count="0" type="stmt"/>
      <line num="84" count="0" type="stmt"/>
      <line num="87" count="0" type="stmt"/>
      <line num="91" count="15" type="stmt"/>
      <line num="93" count="8" type="stmt"/>
      <line num="94" count="8" type="stmt"/>
      <line num="98" count="0" type="cond" truecount="0" falsecount="1"/>
      <line num="99" count="0" type="stmt"/>
      <line num="100" count="0" type="stmt"/>
      <line num="102" count="0" type="stmt"/>
      <line num="103" count="0" type="stmt"/>
      <line num="104" count="0" type="stmt"/>
      <line num="105" count="0" type="stmt"/>
      <line num="108" count="0" type="stmt"/>
      <line num="112" count="15" type="stmt"/>
      <line num="113" count="8" type="stmt"/>
      <line num="114" count="8" type="stmt"/>
      <line num="117" count="15" type="stmt"/>
      <line num="118" count="1" type="stmt"/>
      <line num="119" count="1" type="stmt"/>
      <line num="125" count="15" type="stmt"/>
      <line num="127" count="15" type="stmt"/>
      <line num="128" count="0" type="stmt"/>
      <line num="129" count="0" type="cond" truecount="0" falsecount="1"/>
      <line num="130" count="0" type="stmt"/>
      <line num="131" count="0" type="stmt"/>
      <line num="132" count="0" type="stmt"/>
      <line num="133" count="0" type="stmt"/>
      <line num="136" count="0" type="stmt"/>
      <line num="140" count="0" type="stmt"/>
      <line num="143" count="15" type="stmt"/>
      <line num="144" count="8" type="cond" truecount="0" falsecount="1"/>
      <line num="145" count="0" type="stmt"/>
      <line num="146" count="0" type="stmt"/>
      <line num="152" count="15" type="stmt"/>
      <line num="154" count="0" type="stmt"/>
      <line num="155" count="0" type="stmt"/>
      <line num="157" count="0" type="cond" truecount="0" falsecount="1"/>
      <line num="158" count="0" type="stmt"/>
      <line num="159" count="0" type="stmt"/>
      <line num="160" count="0" type="stmt"/>
      <line num="161" count="0" type="stmt"/>
      <line num="165" count="0" type="stmt"/>
      <line num="175" count="0" type="stmt"/>
      <line num="176" count="0" type="cond" truecount="0" falsecount="2"/>
      <line num="177" count="0" type="stmt"/>
      <line num="178" count="0" type="stmt"/>
      <line num="179" count="0" type="stmt"/>
      <line num="180" count="0" type="stmt"/>
      <line num="182" count="0" type="cond" truecount="0" falsecount="1"/>
      <line num="183" count="0" type="stmt"/>
      <line num="185" count="0" type="cond" truecount="0" falsecount="1"/>
      <line num="186" count="0" type="stmt"/>
      <line num="187" count="0" type="cond" truecount="0" falsecount="1"/>
      <line num="188" count="0" type="stmt"/>
      <line num="190" count="0" type="stmt"/>
      <line num="193" count="0" type="stmt"/>
      <line num="198" count="15" type="stmt"/>
      <line num="199" count="1" type="stmt"/>
      <line num="200" count="1" type="cond" truecount="1" falsecount="1"/>
      <line num="201" count="1" type="stmt"/>
      <line num="205" count="0" type="cond" truecount="0" falsecount="2"/>
      <line num="206" count="0" type="stmt"/>
      <line num="211" count="0" type="stmt"/>
      <line num="218" count="15" type="stmt"/>
      <line num="219" count="0" type="stmt"/>
      <line num="220" count="0" type="stmt"/>
      <line num="223" count="15" type="stmt"/>
      <line num="224" count="1" type="stmt"/>
      <line num="225" count="1" type="stmt"/>
      <line num="231" count="15" type="stmt"/>
      <line num="232" count="1" type="stmt"/>
      <line num="235" count="15" type="stmt"/>
      <line num="236" count="1" type="stmt"/>
      <line num="239" count="15" type="stmt"/>
      <line num="240" count="1" type="stmt"/>
      <line num="243" count="15" type="stmt"/>
      <line num="244" count="0" type="stmt"/>
      <line num="245" count="0" type="stmt"/>
      <line num="246" count="0" type="stmt"/>
      <line num="248" count="0" type="cond" truecount="0" falsecount="1"/>
      <line num="259" count="0" type="stmt"/>
      <line num="262" count="0" type="stmt"/>
      <line num="265" count="15" type="stmt"/>
      <line num="509" count="0" type="stmt"/>
      <line num="510" count="0" type="stmt"/>
      <line num="511" count="0" type="stmt"/>
      <line num="513" count="0" type="stmt"/>
      <line num="526" count="1" type="stmt"/>
    </file>
    <file name="W2Form.tsx" path="C:\Skillstorm\finalProjectTwo\Tax-Prep-System\Frontend\Tax-Prep-System-Frontend\src\components\W2Form.tsx">
      <metrics statements="75" coveredstatements="33" conditionals="13" coveredconditionals="2" methods="12" coveredmethods="8"/>
      <line num="1" count="1" type="stmt"/>
      <line num="2" count="1" type="stmt"/>
      <line num="3" count="1" type="stmt"/>
      <line num="4" count="1" type="stmt"/>
      <line num="33" count="1" type="stmt"/>
      <line num="35" count="7" type="stmt"/>
      <line num="37" count="7" type="stmt"/>
      <line num="51" count="7" type="stmt"/>
      <line num="58" count="7" type="stmt"/>
      <line num="59" count="7" type="stmt"/>
      <line num="60" count="7" type="stmt"/>
      <line num="61" count="7" type="stmt"/>
      <line num="63" count="7" type="stmt"/>
      <line num="64" count="7" type="stmt"/>
      <line num="66" count="7" type="stmt"/>
      <line num="67" count="4" type="stmt"/>
      <line num="68" count="4" type="stmt"/>
      <line num="72" count="0" type="cond" truecount="0" falsecount="1"/>
      <line num="73" count="0" type="stmt"/>
      <line num="74" count="0" type="stmt"/>
      <line num="75" count="0" type="stmt"/>
      <line num="78" count="0" type="stmt"/>
      <line num="82" count="7" type="stmt"/>
      <line num="83" count="4" type="stmt"/>
      <line num="84" count="4" type="stmt"/>
      <line num="88" count="0" type="cond" truecount="0" falsecount="1"/>
      <line num="89" count="0" type="stmt"/>
      <line num="90" count="0" type="stmt"/>
      <line num="91" count="0" type="stmt"/>
      <line num="94" count="0" type="stmt"/>
      <line num="98" count="7" type="stmt"/>
      <line num="99" count="4" type="stmt"/>
      <line num="100" count="4" type="stmt"/>
      <line num="103" count="7" type="stmt"/>
      <line num="104" count="1" type="stmt"/>
      <line num="105" count="1" type="stmt"/>
      <line num="111" count="7" type="stmt"/>
      <line num="112" count="1" type="stmt"/>
      <line num="113" count="1" type="stmt"/>
      <line num="119" count="7" type="stmt"/>
      <line num="120" count="0" type="stmt"/>
      <line num="121" count="0" type="stmt"/>
      <line num="124" count="7" type="stmt"/>
      <line num="125" count="0" type="stmt"/>
      <line num="127" count="0" type="stmt"/>
      <line num="128" count="0" type="stmt"/>
      <line num="129" count="0" type="stmt"/>
      <line num="130" count="0" type="stmt"/>
      <line num="132" count="0" type="cond" truecount="0" falsecount="1"/>
      <line num="133" count="0" type="stmt"/>
      <line num="134" count="0" type="stmt"/>
      <line num="135" count="0" type="stmt"/>
      <line num="138" count="0" type="stmt"/>
      <line num="141" count="0" type="stmt"/>
      <line num="158" count="0" type="cond" truecount="0" falsecount="2"/>
      <line num="159" count="0" type="stmt"/>
      <line num="168" count="0" type="stmt"/>
      <line num="178" count="0" type="stmt"/>
      <line num="179" count="0" type="stmt"/>
      <line num="180" count="0" type="cond" truecount="0" falsecount="1"/>
      <line num="181" count="0" type="stmt"/>
      <line num="184" count="0" type="stmt"/>
      <line num="186" count="0" type="stmt"/>
      <line num="187" count="0" type="stmt"/>
      <line num="188" count="0" type="stmt"/>
      <line num="189" count="0" type="cond" truecount="0" falsecount="1"/>
      <line num="190" count="0" type="stmt"/>
      <line num="192" count="0" type="cond" truecount="0" falsecount="1"/>
      <line num="193" count="0" type="stmt"/>
      <line num="194" count="0" type="cond" truecount="0" falsecount="1"/>
      <line num="195" count="0" type="stmt"/>
      <line num="198" count="0" type="stmt"/>
      <line num="201" count="0" type="stmt"/>
      <line num="205" count="7" type="stmt"/>
      <line num="429" count="1" type="stmt"/>
    </file>
  </project>
</coverage>
