{"C:\\Skillstorm\\finalProjectTwo\\Tax-Prep-System\\Frontend\\Tax-Prep-System-Frontend\\src\\components\\INT1099.tsx": {"path":"C:\\Skillstorm\\finalProjectTwo\\Tax-Prep-System\\Frontend\\Tax-Prep-System-Frontend\\src\\components\\INT1099.tsx","statementMap":{"0":{"start":{"line":1,"column":0},"end":{"line":1,"column":51}},"1":{"start":{"line":2,"column":0},"end":{"line":2,"column":95}},"2":{"start":{"line":3,"column":0},"end":{"line":3,"column":47}},"3":{"start":{"line":4,"column":0},"end":{"line":4,"column":47}},"4":{"start":{"line":31,"column":42},"end":{"line":273,"column":1}},"5":{"start":{"line":33,"column":4},"end":{"line":33,"column":22}},"6":{"start":{"line":35,"column":23},"end":{"line":40,"column":null}},"7":{"start":{"line":42,"column":41},"end":{"line":52,"column":null}},"8":{"start":{"line":54,"column":36},"end":{"line":54,"column":74}},"9":{"start":{"line":55,"column":38},"end":{"line":55,"column":53}},"10":{"start":{"line":56,"column":38},"end":{"line":56,"column":53}},"11":{"start":{"line":57,"column":42},"end":{"line":57,"column":62}},"12":{"start":{"line":60,"column":21},"end":{"line":60,"column":34}},"13":{"start":{"line":61,"column":18},"end":{"line":61,"column":34}},"14":{"start":{"line":63,"column":29},"end":{"line":77,"column":5}},"15":{"start":{"line":64,"column":8},"end":{"line":76,"column":9}},"16":{"start":{"line":65,"column":29},"end":{"line":68,"column":14}},"17":{"start":{"line":69,"column":12},"end":{"line":73,"column":13}},"18":{"start":{"line":70,"column":35},"end":{"line":70,"column":56}},"19":{"start":{"line":71,"column":16},"end":{"line":71,"column":37}},"20":{"start":{"line":72,"column":16},"end":{"line":72,"column":34}},"21":{"start":{"line":75,"column":12},"end":{"line":75,"column":65}},"22":{"start":{"line":79,"column":22},"end":{"line":93,"column":5}},"23":{"start":{"line":80,"column":8},"end":{"line":92,"column":9}},"24":{"start":{"line":81,"column":29},"end":{"line":84,"column":14}},"25":{"start":{"line":85,"column":12},"end":{"line":88,"column":13}},"26":{"start":{"line":86,"column":42},"end":{"line":86,"column":63}},"27":{"start":{"line":87,"column":16},"end":{"line":87,"column":34}},"28":{"start":{"line":91,"column":12},"end":{"line":91,"column":72}},"29":{"start":{"line":95,"column":4},"end":{"line":98,"column":29}},"30":{"start":{"line":96,"column":8},"end":{"line":96,"column":27}},"31":{"start":{"line":97,"column":8},"end":{"line":97,"column":20}},"32":{"start":{"line":100,"column":25},"end":{"line":149,"column":5}},"33":{"start":{"line":101,"column":8},"end":{"line":101,"column":31}},"34":{"start":{"line":103,"column":31},"end":{"line":103,"column":84}},"35":{"start":{"line":104,"column":29},"end":{"line":106,"column":46}},"36":{"start":{"line":105,"column":31},"end":{"line":105,"column":60}},"37":{"start":{"line":106,"column":33},"end":{"line":106,"column":45}},"38":{"start":{"line":108,"column":8},"end":{"line":112,"column":9}},"39":{"start":{"line":109,"column":12},"end":{"line":109,"column":31}},"40":{"start":{"line":110,"column":12},"end":{"line":110,"column":32}},"41":{"start":{"line":111,"column":12},"end":{"line":111,"column":19}},"42":{"start":{"line":114,"column":31},"end":{"line":124,"column":null}},"43":{"start":{"line":126,"column":23},"end":{"line":126,"column":55}},"44":{"start":{"line":127,"column":20},"end":{"line":127,"column":152}},"45":{"start":{"line":129,"column":8},"end":{"line":129,"column":null}},"46":{"start":{"line":130,"column":8},"end":{"line":147,"column":72}},"47":{"start":{"line":138,"column":30},"end":{"line":138,"column":45}},"48":{"start":{"line":140,"column":16},"end":{"line":140,"column":null}},"49":{"start":{"line":141,"column":16},"end":{"line":141,"column":28}},"50":{"start":{"line":143,"column":16},"end":{"line":143,"column":35}},"51":{"start":{"line":144,"column":16},"end":{"line":144,"column":36}},"52":{"start":{"line":145,"column":16},"end":{"line":145,"column":41}},"53":{"start":{"line":147,"column":28},"end":{"line":147,"column":70}},"54":{"start":{"line":151,"column":25},"end":{"line":158,"column":5}},"55":{"start":{"line":152,"column":32},"end":{"line":152,"column":44}},"56":{"start":{"line":154,"column":8},"end":{"line":157,"column":12}},"57":{"start":{"line":154,"column":48},"end":{"line":157,"column":10}},"58":{"start":{"line":160,"column":23},"end":{"line":163,"column":5}},"59":{"start":{"line":161,"column":8},"end":{"line":161,"column":27}},"60":{"start":{"line":162,"column":8},"end":{"line":162,"column":29}},"61":{"start":{"line":167,"column":4},"end":{"line":271,"column":null}},"62":{"start":{"line":275,"column":0},"end":{"line":275,"column":23}}},"fnMap":{"0":{"name":"(anonymous_0)","decl":{"start":{"line":31,"column":42},"end":{"line":31,"column":43}},"loc":{"start":{"line":31,"column":65},"end":{"line":273,"column":1}}},"1":{"name":"(anonymous_1)","decl":{"start":{"line":63,"column":29},"end":{"line":63,"column":34}},"loc":{"start":{"line":63,"column":40},"end":{"line":77,"column":5}}},"2":{"name":"(anonymous_2)","decl":{"start":{"line":79,"column":22},"end":{"line":79,"column":27}},"loc":{"start":{"line":79,"column":33},"end":{"line":93,"column":5}}},"3":{"name":"(anonymous_3)","decl":{"start":{"line":95,"column":14},"end":{"line":95,"column":17}},"loc":{"start":{"line":95,"column":19},"end":{"line":98,"column":5}}},"4":{"name":"(anonymous_4)","decl":{"start":{"line":100,"column":25},"end":{"line":100,"column":26}},"loc":{"start":{"line":100,"column":72},"end":{"line":149,"column":5}}},"5":{"name":"(anonymous_5)","decl":{"start":{"line":105,"column":20},"end":{"line":105,"column":21}},"loc":{"start":{"line":105,"column":31},"end":{"line":105,"column":60}}},"6":{"name":"(anonymous_6)","decl":{"start":{"line":106,"column":18},"end":{"line":106,"column":19}},"loc":{"start":{"line":106,"column":33},"end":{"line":106,"column":45}}},"7":{"name":"(anonymous_7)","decl":{"start":{"line":138,"column":18},"end":{"line":138,"column":26}},"loc":{"start":{"line":138,"column":30},"end":{"line":138,"column":45}}},"8":{"name":"(anonymous_8)","decl":{"start":{"line":139,"column":18},"end":{"line":139,"column":22}},"loc":{"start":{"line":139,"column":25},"end":{"line":146,"column":13}}},"9":{"name":"(anonymous_9)","decl":{"start":{"line":147,"column":19},"end":{"line":147,"column":24}},"loc":{"start":{"line":147,"column":28},"end":{"line":147,"column":70}}},"10":{"name":"(anonymous_10)","decl":{"start":{"line":151,"column":25},"end":{"line":151,"column":26}},"loc":{"start":{"line":151,"column":72},"end":{"line":158,"column":5}}},"11":{"name":"(anonymous_11)","decl":{"start":{"line":154,"column":20},"end":{"line":154,"column":21}},"loc":{"start":{"line":154,"column":48},"end":{"line":157,"column":10}}},"12":{"name":"(anonymous_12)","decl":{"start":{"line":160,"column":23},"end":{"line":160,"column":24}},"loc":{"start":{"line":160,"column":66},"end":{"line":163,"column":5}}}},"branchMap":{"0":{"loc":{"start":{"line":69,"column":12},"end":{"line":73,"column":13}},"type":"if","locations":[{"start":{"line":69,"column":12},"end":{"line":73,"column":13}}]},"1":{"loc":{"start":{"line":85,"column":12},"end":{"line":88,"column":13}},"type":"if","locations":[{"start":{"line":85,"column":12},"end":{"line":88,"column":13}}]},"2":{"loc":{"start":{"line":108,"column":8},"end":{"line":112,"column":9}},"type":"if","locations":[{"start":{"line":108,"column":8},"end":{"line":112,"column":9}}]},"3":{"loc":{"start":{"line":126,"column":23},"end":{"line":126,"column":55}},"type":"cond-expr","locations":[{"start":{"line":126,"column":41},"end":{"line":126,"column":46}},{"start":{"line":126,"column":49},"end":{"line":126,"column":55}}]},"4":{"loc":{"start":{"line":127,"column":20},"end":{"line":127,"column":152}},"type":"cond-expr","locations":[{"start":{"line":127,"column":38},"end":{"line":127,"column":107}},{"start":{"line":127,"column":110},"end":{"line":127,"column":152}}]},"5":{"loc":{"start":{"line":170,"column":17},"end":{"line":173,"column":null}},"type":"binary-expr","locations":[{"start":{"line":170,"column":17},"end":{"line":170,"column":26}},{"start":{"line":171,"column":20},"end":{"line":172,"column":null}}]},"6":{"loc":{"start":{"line":175,"column":17},"end":{"line":178,"column":null}},"type":"binary-expr","locations":[{"start":{"line":175,"column":17},"end":{"line":175,"column":26}},{"start":{"line":176,"column":20},"end":{"line":177,"column":null}}]}},"s":{"0":1,"1":1,"2":1,"3":1,"4":1,"5":5,"6":5,"7":5,"8":5,"9":5,"10":5,"11":5,"12":5,"13":5,"14":5,"15":3,"16":3,"17":0,"18":0,"19":0,"20":0,"21":0,"22":5,"23":3,"24":3,"25":0,"26":0,"27":0,"28":0,"29":5,"30":3,"31":3,"32":5,"33":0,"34":0,"35":0,"36":0,"37":0,"38":0,"39":0,"40":0,"41":0,"42":0,"43":0,"44":0,"45":0,"46":0,"47":0,"48":0,"49":0,"50":0,"51":0,"52":0,"53":0,"54":5,"55":1,"56":1,"57":1,"58":5,"59":0,"60":0,"61":5,"62":1},"f":{"0":5,"1":3,"2":3,"3":3,"4":0,"5":0,"6":0,"7":0,"8":0,"9":0,"10":1,"11":1,"12":0},"b":{"0":[0],"1":[0],"2":[0],"3":[0,0],"4":[0,0],"5":[5,0],"6":[5,0]}}
,"C:\\Skillstorm\\finalProjectTwo\\Tax-Prep-System\\Frontend\\Tax-Prep-System-Frontend\\src\\components\\PersonalInfoForm.tsx": {"path":"C:\\Skillstorm\\finalProjectTwo\\Tax-Prep-System\\Frontend\\Tax-Prep-System-Frontend\\src\\components\\PersonalInfoForm.tsx","statementMap":{"0":{"start":{"line":1,"column":0},"end":{"line":1,"column":64}},"1":{"start":{"line":2,"column":0},"end":{"line":2,"column":141}},"2":{"start":{"line":3,"column":0},"end":{"line":3,"column":47}},"3":{"start":{"line":4,"column":0},"end":{"line":4,"column":47}},"4":{"start":{"line":5,"column":0},"end":{"line":5,"column":47}},"5":{"start":{"line":35,"column":51},"end":{"line":525,"column":1}},"6":{"start":{"line":37,"column":4},"end":{"line":37,"column":22}},"7":{"start":{"line":39,"column":50},"end":{"line":52,"column":6}},"8":{"start":{"line":54,"column":23},"end":{"line":59,"column":6}},"9":{"start":{"line":62,"column":36},"end":{"line":62,"column":83}},"10":{"start":{"line":63,"column":46},"end":{"line":63,"column":66}},"11":{"start":{"line":64,"column":42},"end":{"line":64,"column":62}},"12":{"start":{"line":65,"column":44},"end":{"line":65,"column":64}},"13":{"start":{"line":66,"column":38},"end":{"line":66,"column":53}},"14":{"start":{"line":67,"column":38},"end":{"line":67,"column":53}},"15":{"start":{"line":68,"column":42},"end":{"line":68,"column":62}},"16":{"start":{"line":70,"column":21},"end":{"line":70,"column":34}},"17":{"start":{"line":71,"column":18},"end":{"line":71,"column":34}},"18":{"start":{"line":75,"column":29},"end":{"line":89,"column":5}},"19":{"start":{"line":76,"column":8},"end":{"line":88,"column":9}},"20":{"start":{"line":77,"column":29},"end":{"line":80,"column":14}},"21":{"start":{"line":81,"column":12},"end":{"line":85,"column":13}},"22":{"start":{"line":82,"column":35},"end":{"line":82,"column":56}},"23":{"start":{"line":83,"column":16},"end":{"line":83,"column":37}},"24":{"start":{"line":84,"column":16},"end":{"line":84,"column":34}},"25":{"start":{"line":87,"column":12},"end":{"line":87,"column":65}},"26":{"start":{"line":91,"column":22},"end":{"line":110,"column":28}},"27":{"start":{"line":93,"column":8},"end":{"line":109,"column":9}},"28":{"start":{"line":94,"column":29},"end":{"line":97,"column":14}},"29":{"start":{"line":98,"column":12},"end":{"line":106,"column":13}},"30":{"start":{"line":99,"column":51},"end":{"line":99,"column":72}},"31":{"start":{"line":100,"column":16},"end":{"line":100,"column":34}},"32":{"start":{"line":102,"column":43},"end":{"line":102,"column":70}},"33":{"start":{"line":103,"column":16},"end":{"line":103,"column":38}},"34":{"start":{"line":104,"column":16},"end":{"line":104,"column":40}},"35":{"start":{"line":105,"column":16},"end":{"line":105,"column":36}},"36":{"start":{"line":108,"column":12},"end":{"line":108,"column":71}},"37":{"start":{"line":112,"column":4},"end":{"line":115,"column":40}},"38":{"start":{"line":113,"column":8},"end":{"line":113,"column":27}},"39":{"start":{"line":114,"column":8},"end":{"line":114,"column":20}},"40":{"start":{"line":117,"column":25},"end":{"line":123,"column":5}},"41":{"start":{"line":118,"column":32},"end":{"line":118,"column":40}},"42":{"start":{"line":119,"column":8},"end":{"line":122,"column":12}},"43":{"start":{"line":119,"column":35},"end":{"line":122,"column":10}},"44":{"start":{"line":125,"column":60},"end":{"line":125,"column":75}},"45":{"start":{"line":127,"column":30},"end":{"line":141,"column":5}},"46":{"start":{"line":128,"column":28},"end":{"line":128,"column":111}},"47":{"start":{"line":129,"column":8},"end":{"line":134,"column":9}},"48":{"start":{"line":130,"column":12},"end":{"line":130,"column":63}},"49":{"start":{"line":131,"column":12},"end":{"line":131,"column":31}},"50":{"start":{"line":132,"column":12},"end":{"line":132,"column":32}},"51":{"start":{"line":133,"column":12},"end":{"line":133,"column":50}},"52":{"start":{"line":136,"column":8},"end":{"line":139,"column":12}},"53":{"start":{"line":136,"column":33},"end":{"line":139,"column":10}},"54":{"start":{"line":140,"column":8},"end":{"line":140,"column":38}},"55":{"start":{"line":143,"column":4},"end":{"line":148,"column":31}},"56":{"start":{"line":144,"column":8},"end":{"line":147,"column":9}},"57":{"start":{"line":145,"column":12},"end":{"line":145,"column":27}},"58":{"start":{"line":146,"column":12},"end":{"line":146,"column":43}},"59":{"start":{"line":152,"column":25},"end":{"line":195,"column":5}},"60":{"start":{"line":154,"column":63},"end":{"line":154,"column":71}},"61":{"start":{"line":155,"column":29},"end":{"line":155,"column":83}},"62":{"start":{"line":155,"column":70},"end":{"line":155,"column":82}},"63":{"start":{"line":157,"column":8},"end":{"line":162,"column":9}},"64":{"start":{"line":158,"column":12},"end":{"line":158,"column":66}},"65":{"start":{"line":159,"column":12},"end":{"line":159,"column":31}},"66":{"start":{"line":160,"column":12},"end":{"line":160,"column":32}},"67":{"start":{"line":161,"column":12},"end":{"line":161,"column":19}},"68":{"start":{"line":165,"column":44},"end":{"line":173,"column":10}},"69":{"start":{"line":175,"column":8},"end":{"line":194,"column":9}},"70":{"start":{"line":176,"column":24},"end":{"line":176,"column":175}},"71":{"start":{"line":177,"column":29},"end":{"line":177,"column":61}},"72":{"start":{"line":178,"column":12},"end":{"line":178,"column":31}},"73":{"start":{"line":179,"column":12},"end":{"line":179,"column":32}},"74":{"start":{"line":180,"column":12},"end":{"line":180,"column":33}},"75":{"start":{"line":182,"column":12},"end":{"line":184,"column":13}},"76":{"start":{"line":183,"column":16},"end":{"line":183,"column":63}},"77":{"start":{"line":185,"column":12},"end":{"line":191,"column":13}},"78":{"start":{"line":186,"column":31},"end":{"line":186,"column":63}},"79":{"start":{"line":187,"column":16},"end":{"line":189,"column":17}},"80":{"start":{"line":188,"column":20},"end":{"line":188,"column":59}},"81":{"start":{"line":190,"column":16},"end":{"line":190,"column":28}},"82":{"start":{"line":193,"column":12},"end":{"line":193,"column":82}},"83":{"start":{"line":198,"column":37},"end":{"line":216,"column":5}},"84":{"start":{"line":199,"column":26},"end":{"line":199,"column":34}},"85":{"start":{"line":200,"column":8},"end":{"line":215,"column":9}},"86":{"start":{"line":201,"column":12},"end":{"line":204,"column":16}},"87":{"start":{"line":201,"column":39},"end":{"line":204,"column":14}},"88":{"start":{"line":205,"column":15},"end":{"line":215,"column":9}},"89":{"start":{"line":206,"column":12},"end":{"line":209,"column":16}},"90":{"start":{"line":206,"column":39},"end":{"line":209,"column":14}},"91":{"start":{"line":211,"column":12},"end":{"line":214,"column":16}},"92":{"start":{"line":211,"column":39},"end":{"line":214,"column":14}},"93":{"start":{"line":218,"column":23},"end":{"line":222,"column":5}},"94":{"start":{"line":219,"column":8},"end":{"line":219,"column":27}},"95":{"start":{"line":220,"column":8},"end":{"line":220,"column":26}},"96":{"start":{"line":221,"column":8},"end":{"line":221,"column":null}},"97":{"start":{"line":224,"column":30},"end":{"line":230,"column":5}},"98":{"start":{"line":225,"column":30},"end":{"line":225,"column":44}},"99":{"start":{"line":226,"column":8},"end":{"line":229,"column":12}},"100":{"start":{"line":226,"column":33},"end":{"line":229,"column":10}},"101":{"start":{"line":232,"column":30},"end":{"line":234,"column":5}},"102":{"start":{"line":233,"column":8},"end":{"line":233,"column":41}},"103":{"start":{"line":236,"column":28},"end":{"line":238,"column":5}},"104":{"start":{"line":237,"column":8},"end":{"line":237,"column":39}},"105":{"start":{"line":240,"column":29},"end":{"line":242,"column":5}},"106":{"start":{"line":241,"column":8},"end":{"line":241,"column":40}},"107":{"start":{"line":244,"column":29},"end":{"line":264,"column":5}},"108":{"start":{"line":245,"column":27},"end":{"line":245,"column":41}},"109":{"start":{"line":246,"column":28},"end":{"line":246,"column":43}},"110":{"start":{"line":247,"column":26},"end":{"line":247,"column":39}},"111":{"start":{"line":249,"column":8},"end":{"line":261,"column":9}},"112":{"start":{"line":260,"column":12},"end":{"line":260,"column":25}},"113":{"start":{"line":263,"column":8},"end":{"line":263,"column":20}},"114":{"start":{"line":266,"column":4},"end":{"line":523,"column":6}},"115":{"start":{"line":510,"column":32},"end":{"line":510,"column":51}},"116":{"start":{"line":511,"column":32},"end":{"line":515,"column":33}},"117":{"start":{"line":512,"column":36},"end":{"line":512,"column":62}},"118":{"start":{"line":514,"column":36},"end":{"line":514,"column":90}},"119":{"start":{"line":527,"column":0},"end":{"line":527,"column":32}}},"fnMap":{"0":{"name":"(anonymous_0)","decl":{"start":{"line":35,"column":51},"end":{"line":35,"column":52}},"loc":{"start":{"line":35,"column":74},"end":{"line":525,"column":1}}},"1":{"name":"(anonymous_1)","decl":{"start":{"line":75,"column":29},"end":{"line":75,"column":34}},"loc":{"start":{"line":75,"column":40},"end":{"line":89,"column":5}}},"2":{"name":"(anonymous_2)","decl":{"start":{"line":91,"column":34},"end":{"line":91,"column":39}},"loc":{"start":{"line":91,"column":45},"end":{"line":110,"column":5}}},"3":{"name":"(anonymous_3)","decl":{"start":{"line":112,"column":14},"end":{"line":112,"column":17}},"loc":{"start":{"line":112,"column":19},"end":{"line":115,"column":5}}},"4":{"name":"(anonymous_4)","decl":{"start":{"line":117,"column":25},"end":{"line":117,"column":26}},"loc":{"start":{"line":117,"column":68},"end":{"line":123,"column":5}}},"5":{"name":"(anonymous_5)","decl":{"start":{"line":119,"column":20},"end":{"line":119,"column":21}},"loc":{"start":{"line":119,"column":35},"end":{"line":122,"column":10}}},"6":{"name":"(anonymous_6)","decl":{"start":{"line":127,"column":30},"end":{"line":127,"column":33}},"loc":{"start":{"line":127,"column":35},"end":{"line":141,"column":5}}},"7":{"name":"(anonymous_7)","decl":{"start":{"line":136,"column":20},"end":{"line":136,"column":28}},"loc":{"start":{"line":136,"column":33},"end":{"line":139,"column":10}}},"8":{"name":"(anonymous_8)","decl":{"start":{"line":143,"column":14},"end":{"line":143,"column":17}},"loc":{"start":{"line":143,"column":19},"end":{"line":148,"column":5}}},"9":{"name":"(anonymous_9)","decl":{"start":{"line":152,"column":25},"end":{"line":152,"column":30}},"loc":{"start":{"line":152,"column":36},"end":{"line":195,"column":5}}},"10":{"name":"(anonymous_10)","decl":{"start":{"line":155,"column":61},"end":{"line":155,"column":66}},"loc":{"start":{"line":155,"column":70},"end":{"line":155,"column":82}}},"11":{"name":"(anonymous_11)","decl":{"start":{"line":198,"column":37},"end":{"line":198,"column":38}},"loc":{"start":{"line":198,"column":81},"end":{"line":216,"column":5}}},"12":{"name":"(anonymous_12)","decl":{"start":{"line":201,"column":24},"end":{"line":201,"column":25}},"loc":{"start":{"line":201,"column":39},"end":{"line":204,"column":14}}},"13":{"name":"(anonymous_13)","decl":{"start":{"line":206,"column":24},"end":{"line":206,"column":25}},"loc":{"start":{"line":206,"column":39},"end":{"line":209,"column":14}}},"14":{"name":"(anonymous_14)","decl":{"start":{"line":211,"column":24},"end":{"line":211,"column":25}},"loc":{"start":{"line":211,"column":39},"end":{"line":214,"column":14}}},"15":{"name":"(anonymous_15)","decl":{"start":{"line":218,"column":23},"end":{"line":218,"column":24}},"loc":{"start":{"line":218,"column":66},"end":{"line":222,"column":5}}},"16":{"name":"(anonymous_16)","decl":{"start":{"line":224,"column":30},"end":{"line":224,"column":31}},"loc":{"start":{"line":224,"column":74},"end":{"line":230,"column":5}}},"17":{"name":"(anonymous_17)","decl":{"start":{"line":226,"column":20},"end":{"line":226,"column":28}},"loc":{"start":{"line":226,"column":33},"end":{"line":229,"column":10}}},"18":{"name":"(anonymous_18)","decl":{"start":{"line":232,"column":30},"end":{"line":232,"column":31}},"loc":{"start":{"line":232,"column":74},"end":{"line":234,"column":5}}},"19":{"name":"(anonymous_19)","decl":{"start":{"line":236,"column":28},"end":{"line":236,"column":29}},"loc":{"start":{"line":236,"column":71},"end":{"line":238,"column":5}}},"20":{"name":"(anonymous_20)","decl":{"start":{"line":240,"column":29},"end":{"line":240,"column":30}},"loc":{"start":{"line":240,"column":72},"end":{"line":242,"column":5}}},"21":{"name":"(anonymous_21)","decl":{"start":{"line":244,"column":29},"end":{"line":244,"column":30}},"loc":{"start":{"line":244,"column":74},"end":{"line":264,"column":5}}},"22":{"name":"(anonymous_22)","decl":{"start":{"line":509,"column":59},"end":{"line":509,"column":64}},"loc":{"start":{"line":509,"column":71},"end":{"line":516,"column":29}}}},"branchMap":{"0":{"loc":{"start":{"line":81,"column":12},"end":{"line":85,"column":13}},"type":"if","locations":[{"start":{"line":81,"column":12},"end":{"line":85,"column":13}}]},"1":{"loc":{"start":{"line":98,"column":12},"end":{"line":106,"column":13}},"type":"if","locations":[{"start":{"line":98,"column":12},"end":{"line":106,"column":13}}]},"2":{"loc":{"start":{"line":129,"column":8},"end":{"line":134,"column":9}},"type":"if","locations":[{"start":{"line":129,"column":8},"end":{"line":134,"column":9}}]},"3":{"loc":{"start":{"line":144,"column":8},"end":{"line":147,"column":9}},"type":"if","locations":[{"start":{"line":144,"column":8},"end":{"line":147,"column":9}}]},"4":{"loc":{"start":{"line":157,"column":8},"end":{"line":162,"column":9}},"type":"if","locations":[{"start":{"line":157,"column":8},"end":{"line":162,"column":9}}]},"5":{"loc":{"start":{"line":167,"column":20},"end":{"line":167,"column":48}},"type":"cond-expr","locations":[{"start":{"line":167,"column":34},"end":{"line":167,"column":39}},{"start":{"line":167,"column":42},"end":{"line":167,"column":48}}]},"6":{"loc":{"start":{"line":176,"column":24},"end":{"line":176,"column":175}},"type":"cond-expr","locations":[{"start":{"line":176,"column":38},"end":{"line":176,"column":116}},{"start":{"line":176,"column":119},"end":{"line":176,"column":175}}]},"7":{"loc":{"start":{"line":182,"column":12},"end":{"line":184,"column":13}},"type":"if","locations":[{"start":{"line":182,"column":12},"end":{"line":184,"column":13}}]},"8":{"loc":{"start":{"line":185,"column":12},"end":{"line":191,"column":13}},"type":"if","locations":[{"start":{"line":185,"column":12},"end":{"line":191,"column":13}}]},"9":{"loc":{"start":{"line":187,"column":16},"end":{"line":189,"column":17}},"type":"if","locations":[{"start":{"line":187,"column":16},"end":{"line":189,"column":17}}]},"10":{"loc":{"start":{"line":200,"column":8},"end":{"line":215,"column":9}},"type":"if","locations":[{"start":{"line":200,"column":8},"end":{"line":215,"column":9}},{"start":{"line":205,"column":15},"end":{"line":215,"column":9}}]},"11":{"loc":{"start":{"line":205,"column":15},"end":{"line":215,"column":9}},"type":"if","locations":[{"start":{"line":205,"column":15},"end":{"line":215,"column":9}},{"start":{"line":210,"column":15},"end":{"line":215,"column":9}}]},"12":{"loc":{"start":{"line":249,"column":8},"end":{"line":261,"column":9}},"type":"if","locations":[{"start":{"line":249,"column":8},"end":{"line":261,"column":9}}]},"13":{"loc":{"start":{"line":250,"column":12},"end":{"line":258,"column":26}},"type":"binary-expr","locations":[{"start":{"line":250,"column":12},"end":{"line":250,"column":29}},{"start":{"line":251,"column":12},"end":{"line":251,"column":30}},{"start":{"line":252,"column":12},"end":{"line":252,"column":28}},{"start":{"line":253,"column":12},"end":{"line":253,"column":29}},{"start":{"line":254,"column":12},"end":{"line":254,"column":29}},{"start":{"line":255,"column":12},"end":{"line":255,"column":27}},{"start":{"line":256,"column":12},"end":{"line":256,"column":28}},{"start":{"line":257,"column":12},"end":{"line":257,"column":25}},{"start":{"line":258,"column":12},"end":{"line":258,"column":26}}]},"14":{"loc":{"start":{"line":269,"column":17},"end":{"line":272,"column":null}},"type":"binary-expr","locations":[{"start":{"line":269,"column":17},"end":{"line":269,"column":26}},{"start":{"line":270,"column":20},"end":{"line":271,"column":null}}]},"15":{"loc":{"start":{"line":274,"column":17},"end":{"line":277,"column":null}},"type":"binary-expr","locations":[{"start":{"line":274,"column":17},"end":{"line":274,"column":26}},{"start":{"line":275,"column":20},"end":{"line":276,"column":null}}]}},"s":{"0":1,"1":1,"2":1,"3":1,"4":1,"5":1,"6":15,"7":15,"8":15,"9":15,"10":15,"11":15,"12":15,"13":15,"14":15,"15":15,"16":15,"17":15,"18":15,"19":8,"20":8,"21":0,"22":0,"23":0,"24":0,"25":0,"26":15,"27":8,"28":8,"29":0,"30":0,"31":0,"32":0,"33":0,"34":0,"35":0,"36":0,"37":15,"38":8,"39":8,"40":15,"41":1,"42":1,"43":1,"44":15,"45":15,"46":0,"47":0,"48":0,"49":0,"50":0,"51":0,"52":0,"53":0,"54":0,"55":15,"56":8,"57":0,"58":0,"59":15,"60":0,"61":0,"62":0,"63":0,"64":0,"65":0,"66":0,"67":0,"68":0,"69":0,"70":0,"71":0,"72":0,"73":0,"74":0,"75":0,"76":0,"77":0,"78":0,"79":0,"80":0,"81":0,"82":0,"83":15,"84":1,"85":1,"86":1,"87":1,"88":0,"89":0,"90":0,"91":0,"92":0,"93":15,"94":0,"95":0,"96":0,"97":15,"98":1,"99":1,"100":1,"101":15,"102":1,"103":15,"104":1,"105":15,"106":1,"107":15,"108":0,"109":0,"110":0,"111":0,"112":0,"113":0,"114":15,"115":0,"116":0,"117":0,"118":0,"119":1},"f":{"0":15,"1":8,"2":8,"3":8,"4":1,"5":1,"6":0,"7":0,"8":8,"9":0,"10":0,"11":1,"12":1,"13":0,"14":0,"15":0,"16":1,"17":1,"18":1,"19":1,"20":1,"21":0,"22":0},"b":{"0":[0],"1":[0],"2":[0],"3":[0],"4":[0],"5":[0,0],"6":[0,0],"7":[0],"8":[0],"9":[0],"10":[1,0],"11":[0,0],"12":[0],"13":[0,0,0,0,0,0,0,0,0],"14":[15,0],"15":[15,0]}}
,"C:\\Skillstorm\\finalProjectTwo\\Tax-Prep-System\\Frontend\\Tax-Prep-System-Frontend\\src\\components\\ReviewPage.tsx": {"path":"C:\\Skillstorm\\finalProjectTwo\\Tax-Prep-System\\Frontend\\Tax-Prep-System-Frontend\\src\\components\\ReviewPage.tsx","statementMap":{"0":{"start":{"line":1,"column":0},"end":{"line":1,"column":51}},"1":{"start":{"line":2,"column":0},"end":{"line":2,"column":96}},"2":{"start":{"line":3,"column":0},"end":{"line":3,"column":47}},"3":{"start":{"line":4,"column":0},"end":{"line":4,"column":47}},"4":{"start":{"line":77,"column":45},"end":{"line":475,"column":1}},"5":{"start":{"line":79,"column":4},"end":{"line":79,"column":22}},"6":{"start":{"line":81,"column":23},"end":{"line":86,"column":6}},"7":{"start":{"line":88,"column":44},"end":{"line":88,"column":79}},"8":{"start":{"line":89,"column":32},"end":{"line":89,"column":61}},"9":{"start":{"line":90,"column":42},"end":{"line":90,"column":76}},"10":{"start":{"line":91,"column":50},"end":{"line":91,"column":65}},"11":{"start":{"line":92,"column":42},"end":{"line":92,"column":62}},"12":{"start":{"line":94,"column":21},"end":{"line":94,"column":34}},"13":{"start":{"line":95,"column":18},"end":{"line":95,"column":34}},"14":{"start":{"line":99,"column":4},"end":{"line":171,"column":29}},"15":{"start":{"line":101,"column":33},"end":{"line":115,"column":9}},"16":{"start":{"line":102,"column":12},"end":{"line":114,"column":13}},"17":{"start":{"line":103,"column":33},"end":{"line":106,"column":18}},"18":{"start":{"line":107,"column":16},"end":{"line":111,"column":17}},"19":{"start":{"line":108,"column":39},"end":{"line":108,"column":60}},"20":{"start":{"line":109,"column":20},"end":{"line":109,"column":41}},"21":{"start":{"line":110,"column":20},"end":{"line":110,"column":38}},"22":{"start":{"line":113,"column":16},"end":{"line":113,"column":69}},"23":{"start":{"line":117,"column":34},"end":{"line":137,"column":9}},"24":{"start":{"line":118,"column":12},"end":{"line":136,"column":13}},"25":{"start":{"line":119,"column":33},"end":{"line":122,"column":18}},"26":{"start":{"line":123,"column":29},"end":{"line":123,"column":50}},"27":{"start":{"line":124,"column":16},"end":{"line":129,"column":17}},"28":{"start":{"line":125,"column":33},"end":{"line":125,"column":49}},"29":{"start":{"line":126,"column":20},"end":{"line":126,"column":42}},"30":{"start":{"line":128,"column":20},"end":{"line":128,"column":98}},"31":{"start":{"line":135,"column":16},"end":{"line":135,"column":77}},"32":{"start":{"line":138,"column":28},"end":{"line":151,"column":9}},"33":{"start":{"line":139,"column":12},"end":{"line":150,"column":13}},"34":{"start":{"line":140,"column":33},"end":{"line":143,"column":18}},"35":{"start":{"line":144,"column":16},"end":{"line":147,"column":17}},"36":{"start":{"line":145,"column":41},"end":{"line":145,"column":62}},"37":{"start":{"line":146,"column":20},"end":{"line":146,"column":36}},"38":{"start":{"line":149,"column":16},"end":{"line":149,"column":71}},"39":{"start":{"line":153,"column":33},"end":{"line":166,"column":9}},"40":{"start":{"line":154,"column":12},"end":{"line":165,"column":13}},"41":{"start":{"line":155,"column":33},"end":{"line":158,"column":18}},"42":{"start":{"line":159,"column":16},"end":{"line":162,"column":17}},"43":{"start":{"line":160,"column":46},"end":{"line":160,"column":67}},"44":{"start":{"line":161,"column":20},"end":{"line":161,"column":41}},"45":{"start":{"line":164,"column":16},"end":{"line":164,"column":77}},"46":{"start":{"line":167,"column":8},"end":{"line":167,"column":27}},"47":{"start":{"line":168,"column":8},"end":{"line":168,"column":27}},"48":{"start":{"line":169,"column":8},"end":{"line":169,"column":22}},"49":{"start":{"line":170,"column":8},"end":{"line":170,"column":28}},"50":{"start":{"line":173,"column":30},"end":{"line":186,"column":5}},"51":{"start":{"line":177,"column":8},"end":{"line":185,"column":9}},"52":{"start":{"line":178,"column":12},"end":{"line":184,"column":13}},"53":{"start":{"line":179,"column":16},"end":{"line":179,"column":69}},"54":{"start":{"line":180,"column":19},"end":{"line":184,"column":13}},"55":{"start":{"line":181,"column":16},"end":{"line":181,"column":57}},"56":{"start":{"line":182,"column":19},"end":{"line":184,"column":13}},"57":{"start":{"line":183,"column":16},"end":{"line":183,"column":67}},"58":{"start":{"line":188,"column":23},"end":{"line":191,"column":5}},"59":{"start":{"line":189,"column":8},"end":{"line":189,"column":27}},"60":{"start":{"line":190,"column":8},"end":{"line":190,"column":35}},"61":{"start":{"line":193,"column":25},"end":{"line":196,"column":5}},"62":{"start":{"line":194,"column":8},"end":{"line":194,"column":27}},"63":{"start":{"line":195,"column":8},"end":{"line":195,"column":33}},"64":{"start":{"line":198,"column":4},"end":{"line":474,"column":6}},"65":{"start":{"line":209,"column":77},"end":{"line":209,"column":102}},"66":{"start":{"line":213,"column":76},"end":{"line":213,"column":95}},"67":{"start":{"line":213,"column":96},"end":{"line":213,"column":128}},"68":{"start":{"line":226,"column":49},"end":{"line":226,"column":95}},"69":{"start":{"line":237,"column":49},"end":{"line":237,"column":94}},"70":{"start":{"line":248,"column":49},"end":{"line":248,"column":91}},"71":{"start":{"line":259,"column":49},"end":{"line":259,"column":100}},"72":{"start":{"line":272,"column":49},"end":{"line":272,"column":100}},"73":{"start":{"line":283,"column":49},"end":{"line":283,"column":90}},"74":{"start":{"line":294,"column":49},"end":{"line":294,"column":91}},"75":{"start":{"line":305,"column":49},"end":{"line":305,"column":89}},"76":{"start":{"line":318,"column":49},"end":{"line":318,"column":97}},"77":{"start":{"line":329,"column":49},"end":{"line":329,"column":89}},"78":{"start":{"line":340,"column":49},"end":{"line":340,"column":98}},"79":{"start":{"line":351,"column":49},"end":{"line":351,"column":96}},"80":{"start":{"line":361,"column":65},"end":{"line":361,"column":84}},"81":{"start":{"line":361,"column":85},"end":{"line":361,"column":106}},"82":{"start":{"line":374,"column":49},"end":{"line":374,"column":92}},"83":{"start":{"line":385,"column":49},"end":{"line":385,"column":105}},"84":{"start":{"line":396,"column":49},"end":{"line":396,"column":111}},"85":{"start":{"line":407,"column":49},"end":{"line":407,"column":107}},"86":{"start":{"line":416,"column":71},"end":{"line":416,"column":90}},"87":{"start":{"line":416,"column":91},"end":{"line":416,"column":118}},"88":{"start":{"line":429,"column":49},"end":{"line":429,"column":95}},"89":{"start":{"line":440,"column":49},"end":{"line":440,"column":100}},"90":{"start":{"line":451,"column":49},"end":{"line":451,"column":110}},"91":{"start":{"line":462,"column":49},"end":{"line":462,"column":104}},"92":{"start":{"line":478,"column":0},"end":{"line":478,"column":26}}},"fnMap":{"0":{"name":"(anonymous_0)","decl":{"start":{"line":77,"column":45},"end":{"line":77,"column":46}},"loc":{"start":{"line":77,"column":68},"end":{"line":475,"column":1}}},"1":{"name":"(anonymous_1)","decl":{"start":{"line":99,"column":14},"end":{"line":99,"column":17}},"loc":{"start":{"line":99,"column":19},"end":{"line":171,"column":5}}},"2":{"name":"(anonymous_2)","decl":{"start":{"line":101,"column":33},"end":{"line":101,"column":38}},"loc":{"start":{"line":101,"column":44},"end":{"line":115,"column":9}}},"3":{"name":"(anonymous_3)","decl":{"start":{"line":117,"column":34},"end":{"line":117,"column":39}},"loc":{"start":{"line":117,"column":45},"end":{"line":137,"column":9}}},"4":{"name":"(anonymous_4)","decl":{"start":{"line":138,"column":28},"end":{"line":138,"column":33}},"loc":{"start":{"line":138,"column":39},"end":{"line":151,"column":9}}},"5":{"name":"(anonymous_5)","decl":{"start":{"line":153,"column":33},"end":{"line":153,"column":38}},"loc":{"start":{"line":153,"column":44},"end":{"line":166,"column":9}}},"6":{"name":"(anonymous_6)","decl":{"start":{"line":173,"column":30},"end":{"line":173,"column":null}},"loc":{"start":{"line":176,"column":8},"end":{"line":186,"column":5}}},"7":{"name":"(anonymous_7)","decl":{"start":{"line":188,"column":23},"end":{"line":188,"column":24}},"loc":{"start":{"line":188,"column":66},"end":{"line":191,"column":5}}},"8":{"name":"(anonymous_8)","decl":{"start":{"line":193,"column":25},"end":{"line":193,"column":26}},"loc":{"start":{"line":193,"column":68},"end":{"line":196,"column":5}}},"9":{"name":"(anonymous_9)","decl":{"start":{"line":209,"column":71},"end":{"line":209,"column":74}},"loc":{"start":{"line":209,"column":77},"end":{"line":209,"column":102}}},"10":{"name":"(anonymous_10)","decl":{"start":{"line":213,"column":67},"end":{"line":213,"column":68}},"loc":{"start":{"line":213,"column":73},"end":{"line":213,"column":130}}},"11":{"name":"(anonymous_11)","decl":{"start":{"line":226,"column":42},"end":{"line":226,"column":43}},"loc":{"start":{"line":226,"column":49},"end":{"line":226,"column":95}}},"12":{"name":"(anonymous_12)","decl":{"start":{"line":237,"column":42},"end":{"line":237,"column":43}},"loc":{"start":{"line":237,"column":49},"end":{"line":237,"column":94}}},"13":{"name":"(anonymous_13)","decl":{"start":{"line":248,"column":42},"end":{"line":248,"column":43}},"loc":{"start":{"line":248,"column":49},"end":{"line":248,"column":91}}},"14":{"name":"(anonymous_14)","decl":{"start":{"line":259,"column":42},"end":{"line":259,"column":43}},"loc":{"start":{"line":259,"column":49},"end":{"line":259,"column":100}}},"15":{"name":"(anonymous_15)","decl":{"start":{"line":272,"column":42},"end":{"line":272,"column":43}},"loc":{"start":{"line":272,"column":49},"end":{"line":272,"column":100}}},"16":{"name":"(anonymous_16)","decl":{"start":{"line":283,"column":42},"end":{"line":283,"column":43}},"loc":{"start":{"line":283,"column":49},"end":{"line":283,"column":90}}},"17":{"name":"(anonymous_17)","decl":{"start":{"line":294,"column":42},"end":{"line":294,"column":43}},"loc":{"start":{"line":294,"column":49},"end":{"line":294,"column":91}}},"18":{"name":"(anonymous_18)","decl":{"start":{"line":305,"column":42},"end":{"line":305,"column":43}},"loc":{"start":{"line":305,"column":49},"end":{"line":305,"column":89}}},"19":{"name":"(anonymous_19)","decl":{"start":{"line":318,"column":42},"end":{"line":318,"column":43}},"loc":{"start":{"line":318,"column":49},"end":{"line":318,"column":97}}},"20":{"name":"(anonymous_20)","decl":{"start":{"line":329,"column":42},"end":{"line":329,"column":43}},"loc":{"start":{"line":329,"column":49},"end":{"line":329,"column":89}}},"21":{"name":"(anonymous_21)","decl":{"start":{"line":340,"column":42},"end":{"line":340,"column":43}},"loc":{"start":{"line":340,"column":49},"end":{"line":340,"column":98}}},"22":{"name":"(anonymous_22)","decl":{"start":{"line":351,"column":42},"end":{"line":351,"column":43}},"loc":{"start":{"line":351,"column":49},"end":{"line":351,"column":96}}},"23":{"name":"(anonymous_23)","decl":{"start":{"line":361,"column":56},"end":{"line":361,"column":57}},"loc":{"start":{"line":361,"column":62},"end":{"line":361,"column":108}}},"24":{"name":"(anonymous_24)","decl":{"start":{"line":374,"column":42},"end":{"line":374,"column":43}},"loc":{"start":{"line":374,"column":49},"end":{"line":374,"column":92}}},"25":{"name":"(anonymous_25)","decl":{"start":{"line":385,"column":42},"end":{"line":385,"column":43}},"loc":{"start":{"line":385,"column":49},"end":{"line":385,"column":105}}},"26":{"name":"(anonymous_26)","decl":{"start":{"line":396,"column":42},"end":{"line":396,"column":43}},"loc":{"start":{"line":396,"column":49},"end":{"line":396,"column":111}}},"27":{"name":"(anonymous_27)","decl":{"start":{"line":407,"column":42},"end":{"line":407,"column":43}},"loc":{"start":{"line":407,"column":49},"end":{"line":407,"column":107}}},"28":{"name":"(anonymous_28)","decl":{"start":{"line":416,"column":62},"end":{"line":416,"column":63}},"loc":{"start":{"line":416,"column":68},"end":{"line":416,"column":120}}},"29":{"name":"(anonymous_29)","decl":{"start":{"line":429,"column":42},"end":{"line":429,"column":43}},"loc":{"start":{"line":429,"column":49},"end":{"line":429,"column":95}}},"30":{"name":"(anonymous_30)","decl":{"start":{"line":440,"column":42},"end":{"line":440,"column":43}},"loc":{"start":{"line":440,"column":49},"end":{"line":440,"column":100}}},"31":{"name":"(anonymous_31)","decl":{"start":{"line":451,"column":42},"end":{"line":451,"column":43}},"loc":{"start":{"line":451,"column":49},"end":{"line":451,"column":110}}},"32":{"name":"(anonymous_32)","decl":{"start":{"line":462,"column":42},"end":{"line":462,"column":43}},"loc":{"start":{"line":462,"column":49},"end":{"line":462,"column":104}}}},"branchMap":{"0":{"loc":{"start":{"line":107,"column":16},"end":{"line":111,"column":17}},"type":"if","locations":[{"start":{"line":107,"column":16},"end":{"line":111,"column":17}}]},"1":{"loc":{"start":{"line":144,"column":16},"end":{"line":147,"column":17}},"type":"if","locations":[{"start":{"line":144,"column":16},"end":{"line":147,"column":17}}]},"2":{"loc":{"start":{"line":159,"column":16},"end":{"line":162,"column":17}},"type":"if","locations":[{"start":{"line":159,"column":16},"end":{"line":162,"column":17}}]},"3":{"loc":{"start":{"line":177,"column":8},"end":{"line":185,"column":9}},"type":"if","locations":[{"start":{"line":177,"column":8},"end":{"line":185,"column":9}}]},"4":{"loc":{"start":{"line":177,"column":12},"end":{"line":177,"column":49}},"type":"binary-expr","locations":[{"start":{"line":177,"column":12},"end":{"line":177,"column":24}},{"start":{"line":177,"column":28},"end":{"line":177,"column":34}},{"start":{"line":177,"column":38},"end":{"line":177,"column":49}}]},"5":{"loc":{"start":{"line":178,"column":12},"end":{"line":184,"column":13}},"type":"if","locations":[{"start":{"line":178,"column":12},"end":{"line":184,"column":13}},{"start":{"line":180,"column":19},"end":{"line":184,"column":13}}]},"6":{"loc":{"start":{"line":180,"column":19},"end":{"line":184,"column":13}},"type":"if","locations":[{"start":{"line":180,"column":19},"end":{"line":184,"column":13}},{"start":{"line":182,"column":19},"end":{"line":184,"column":13}}]},"7":{"loc":{"start":{"line":182,"column":19},"end":{"line":184,"column":13}},"type":"if","locations":[{"start":{"line":182,"column":19},"end":{"line":184,"column":13}}]},"8":{"loc":{"start":{"line":205,"column":29},"end":{"line":211,"column":null}},"type":"binary-expr","locations":[{"start":{"line":205,"column":29},"end":{"line":205,"column":44}},{"start":{"line":206,"column":32},"end":{"line":210,"column":null}}]},"9":{"loc":{"start":{"line":225,"column":39},"end":{"line":225,"column":68}},"type":"binary-expr","locations":[{"start":{"line":225,"column":39},"end":{"line":225,"column":62}},{"start":{"line":225,"column":66},"end":{"line":225,"column":68}}]},"10":{"loc":{"start":{"line":236,"column":39},"end":{"line":236,"column":67}},"type":"binary-expr","locations":[{"start":{"line":236,"column":39},"end":{"line":236,"column":61}},{"start":{"line":236,"column":65},"end":{"line":236,"column":67}}]},"11":{"loc":{"start":{"line":247,"column":39},"end":{"line":247,"column":64}},"type":"binary-expr","locations":[{"start":{"line":247,"column":39},"end":{"line":247,"column":58}},{"start":{"line":247,"column":62},"end":{"line":247,"column":64}}]},"12":{"loc":{"start":{"line":258,"column":39},"end":{"line":258,"column":73}},"type":"binary-expr","locations":[{"start":{"line":258,"column":39},"end":{"line":258,"column":67}},{"start":{"line":258,"column":71},"end":{"line":258,"column":73}}]},"13":{"loc":{"start":{"line":271,"column":39},"end":{"line":271,"column":73}},"type":"binary-expr","locations":[{"start":{"line":271,"column":39},"end":{"line":271,"column":67}},{"start":{"line":271,"column":71},"end":{"line":271,"column":73}}]},"14":{"loc":{"start":{"line":282,"column":39},"end":{"line":282,"column":63}},"type":"binary-expr","locations":[{"start":{"line":282,"column":39},"end":{"line":282,"column":57}},{"start":{"line":282,"column":61},"end":{"line":282,"column":63}}]},"15":{"loc":{"start":{"line":293,"column":39},"end":{"line":293,"column":64}},"type":"binary-expr","locations":[{"start":{"line":293,"column":39},"end":{"line":293,"column":58}},{"start":{"line":293,"column":62},"end":{"line":293,"column":64}}]},"16":{"loc":{"start":{"line":304,"column":39},"end":{"line":304,"column":62}},"type":"binary-expr","locations":[{"start":{"line":304,"column":39},"end":{"line":304,"column":56}},{"start":{"line":304,"column":60},"end":{"line":304,"column":62}}]},"17":{"loc":{"start":{"line":317,"column":39},"end":{"line":317,"column":70}},"type":"binary-expr","locations":[{"start":{"line":317,"column":39},"end":{"line":317,"column":64}},{"start":{"line":317,"column":68},"end":{"line":317,"column":70}}]},"18":{"loc":{"start":{"line":328,"column":39},"end":{"line":328,"column":62}},"type":"binary-expr","locations":[{"start":{"line":328,"column":39},"end":{"line":328,"column":56}},{"start":{"line":328,"column":60},"end":{"line":328,"column":62}}]},"19":{"loc":{"start":{"line":339,"column":39},"end":{"line":339,"column":71}},"type":"binary-expr","locations":[{"start":{"line":339,"column":39},"end":{"line":339,"column":65}},{"start":{"line":339,"column":69},"end":{"line":339,"column":71}}]},"20":{"loc":{"start":{"line":350,"column":39},"end":{"line":350,"column":138}},"type":"cond-expr","locations":[{"start":{"line":350,"column":99},"end":{"line":350,"column":133}},{"start":{"line":350,"column":136},"end":{"line":350,"column":138}}]},"21":{"loc":{"start":{"line":350,"column":39},"end":{"line":350,"column":96}},"type":"binary-expr","locations":[{"start":{"line":350,"column":39},"end":{"line":350,"column":63}},{"start":{"line":350,"column":67},"end":{"line":350,"column":96}}]},"22":{"loc":{"start":{"line":373,"column":39},"end":{"line":373,"column":80}},"type":"cond-expr","locations":[{"start":{"line":373,"column":56},"end":{"line":373,"column":75}},{"start":{"line":373,"column":78},"end":{"line":373,"column":80}}]},"23":{"loc":{"start":{"line":384,"column":39},"end":{"line":384,"column":106}},"type":"cond-expr","locations":[{"start":{"line":384,"column":69},"end":{"line":384,"column":101}},{"start":{"line":384,"column":104},"end":{"line":384,"column":106}}]},"24":{"loc":{"start":{"line":395,"column":39},"end":{"line":395,"column":118}},"type":"cond-expr","locations":[{"start":{"line":395,"column":75},"end":{"line":395,"column":113}},{"start":{"line":395,"column":116},"end":{"line":395,"column":118}}]},"25":{"loc":{"start":{"line":406,"column":39},"end":{"line":406,"column":110}},"type":"cond-expr","locations":[{"start":{"line":406,"column":71},"end":{"line":406,"column":105}},{"start":{"line":406,"column":108},"end":{"line":406,"column":110}}]},"26":{"loc":{"start":{"line":428,"column":39},"end":{"line":428,"column":67}},"type":"binary-expr","locations":[{"start":{"line":428,"column":39},"end":{"line":428,"column":61}},{"start":{"line":428,"column":65},"end":{"line":428,"column":67}}]},"27":{"loc":{"start":{"line":439,"column":39},"end":{"line":439,"column":106}},"type":"cond-expr","locations":[{"start":{"line":439,"column":69},"end":{"line":439,"column":101}},{"start":{"line":439,"column":104},"end":{"line":439,"column":106}}]},"28":{"loc":{"start":{"line":450,"column":39},"end":{"line":450,"column":126}},"type":"cond-expr","locations":[{"start":{"line":450,"column":79},"end":{"line":450,"column":121}},{"start":{"line":450,"column":124},"end":{"line":450,"column":126}}]},"29":{"loc":{"start":{"line":461,"column":39},"end":{"line":461,"column":114}},"type":"cond-expr","locations":[{"start":{"line":461,"column":73},"end":{"line":461,"column":109}},{"start":{"line":461,"column":112},"end":{"line":461,"column":114}}]}},"s":{"0":1,"1":1,"2":1,"3":1,"4":1,"5":1,"6":1,"7":1,"8":1,"9":1,"10":1,"11":1,"12":1,"13":1,"14":1,"15":1,"16":1,"17":1,"18":0,"19":0,"20":0,"21":0,"22":1,"23":1,"24":1,"25":1,"26":0,"27":0,"28":0,"29":0,"30":0,"31":1,"32":1,"33":1,"34":1,"35":0,"36":0,"37":0,"38":1,"39":1,"40":1,"41":1,"42":0,"43":0,"44":0,"45":1,"46":1,"47":1,"48":1,"49":1,"50":1,"51":0,"52":0,"53":0,"54":0,"55":0,"56":0,"57":0,"58":1,"59":0,"60":0,"61":1,"62":0,"63":0,"64":1,"65":0,"66":0,"67":0,"68":0,"69":0,"70":0,"71":0,"72":0,"73":0,"74":0,"75":0,"76":0,"77":0,"78":0,"79":0,"80":0,"81":0,"82":0,"83":0,"84":0,"85":0,"86":0,"87":0,"88":0,"89":0,"90":0,"91":0,"92":1},"f":{"0":1,"1":1,"2":1,"3":1,"4":1,"5":1,"6":0,"7":0,"8":0,"9":0,"10":0,"11":0,"12":0,"13":0,"14":0,"15":0,"16":0,"17":0,"18":0,"19":0,"20":0,"21":0,"22":0,"23":0,"24":0,"25":0,"26":0,"27":0,"28":0,"29":0,"30":0,"31":0,"32":0},"b":{"0":[0],"1":[0],"2":[0],"3":[0],"4":[0,0,0],"5":[0,0],"6":[0,0],"7":[0],"8":[1,0],"9":[1,1],"10":[1,1],"11":[1,1],"12":[1,1],"13":[1,1],"14":[1,1],"15":[1,1],"16":[1,1],"17":[1,1],"18":[1,1],"19":[1,1],"20":[0,1],"21":[1,1],"22":[0,1],"23":[0,1],"24":[0,1],"25":[0,1],"26":[1,1],"27":[0,1],"28":[0,1],"29":[0,1]}}
,"C:\\Skillstorm\\finalProjectTwo\\Tax-Prep-System\\Frontend\\Tax-Prep-System-Frontend\\src\\components\\W2Form.tsx": {"path":"C:\\Skillstorm\\finalProjectTwo\\Tax-Prep-System\\Frontend\\Tax-Prep-System-Frontend\\src\\components\\W2Form.tsx","statementMap":{"0":{"start":{"line":1,"column":0},"end":{"line":1,"column":51}},"1":{"start":{"line":2,"column":0},"end":{"line":2,"column":103}},"2":{"start":{"line":3,"column":0},"end":{"line":3,"column":47}},"3":{"start":{"line":4,"column":0},"end":{"line":4,"column":47}},"4":{"start":{"line":33,"column":41},"end":{"line":427,"column":1}},"5":{"start":{"line":35,"column":4},"end":{"line":35,"column":22}},"6":{"start":{"line":37,"column":40},"end":{"line":49,"column":6}},"7":{"start":{"line":51,"column":23},"end":{"line":56,"column":6}},"8":{"start":{"line":58,"column":36},"end":{"line":58,"column":73}},"9":{"start":{"line":59,"column":38},"end":{"line":59,"column":53}},"10":{"start":{"line":60,"column":38},"end":{"line":60,"column":53}},"11":{"start":{"line":61,"column":42},"end":{"line":61,"column":62}},"12":{"start":{"line":63,"column":21},"end":{"line":63,"column":34}},"13":{"start":{"line":64,"column":18},"end":{"line":64,"column":34}},"14":{"start":{"line":66,"column":29},"end":{"line":80,"column":5}},"15":{"start":{"line":67,"column":8},"end":{"line":79,"column":9}},"16":{"start":{"line":68,"column":29},"end":{"line":71,"column":14}},"17":{"start":{"line":72,"column":12},"end":{"line":76,"column":13}},"18":{"start":{"line":73,"column":35},"end":{"line":73,"column":56}},"19":{"start":{"line":74,"column":16},"end":{"line":74,"column":37}},"20":{"start":{"line":75,"column":16},"end":{"line":75,"column":34}},"21":{"start":{"line":78,"column":12},"end":{"line":78,"column":65}},"22":{"start":{"line":82,"column":22},"end":{"line":96,"column":5}},"23":{"start":{"line":83,"column":8},"end":{"line":95,"column":9}},"24":{"start":{"line":84,"column":29},"end":{"line":87,"column":14}},"25":{"start":{"line":88,"column":12},"end":{"line":92,"column":13}},"26":{"start":{"line":89,"column":41},"end":{"line":89,"column":62}},"27":{"start":{"line":90,"column":16},"end":{"line":90,"column":59}},"28":{"start":{"line":91,"column":16},"end":{"line":91,"column":34}},"29":{"start":{"line":94,"column":12},"end":{"line":94,"column":65}},"30":{"start":{"line":98,"column":4},"end":{"line":101,"column":29}},"31":{"start":{"line":99,"column":8},"end":{"line":99,"column":27}},"32":{"start":{"line":100,"column":8},"end":{"line":100,"column":20}},"33":{"start":{"line":103,"column":25},"end":{"line":109,"column":5}},"34":{"start":{"line":104,"column":32},"end":{"line":104,"column":40}},"35":{"start":{"line":105,"column":8},"end":{"line":108,"column":12}},"36":{"start":{"line":105,"column":35},"end":{"line":108,"column":10}},"37":{"start":{"line":111,"column":30},"end":{"line":117,"column":5}},"38":{"start":{"line":112,"column":30},"end":{"line":112,"column":44}},"39":{"start":{"line":113,"column":8},"end":{"line":116,"column":12}},"40":{"start":{"line":113,"column":33},"end":{"line":116,"column":10}},"41":{"start":{"line":119,"column":23},"end":{"line":122,"column":5}},"42":{"start":{"line":120,"column":8},"end":{"line":120,"column":27}},"43":{"start":{"line":121,"column":8},"end":{"line":121,"column":40}},"44":{"start":{"line":124,"column":25},"end":{"line":203,"column":5}},"45":{"start":{"line":125,"column":8},"end":{"line":125,"column":27}},"46":{"start":{"line":127,"column":31},"end":{"line":127,"column":83}},"47":{"start":{"line":128,"column":29},"end":{"line":130,"column":46}},"48":{"start":{"line":129,"column":31},"end":{"line":129,"column":59}},"49":{"start":{"line":130,"column":33},"end":{"line":130,"column":45}},"50":{"start":{"line":132,"column":8},"end":{"line":136,"column":9}},"51":{"start":{"line":133,"column":12},"end":{"line":133,"column":31}},"52":{"start":{"line":134,"column":12},"end":{"line":134,"column":32}},"53":{"start":{"line":135,"column":12},"end":{"line":135,"column":19}},"54":{"start":{"line":138,"column":31},"end":{"line":138,"column":49}},"55":{"start":{"line":141,"column":31},"end":{"line":156,"column":10}},"56":{"start":{"line":158,"column":8},"end":{"line":176,"column":9}},"57":{"start":{"line":159,"column":12},"end":{"line":166,"column":14}},"58":{"start":{"line":168,"column":12},"end":{"line":175,"column":14}},"59":{"start":{"line":178,"column":8},"end":{"line":202,"column":9}},"60":{"start":{"line":179,"column":22},"end":{"line":179,"column":66}},"61":{"start":{"line":180,"column":12},"end":{"line":182,"column":13}},"62":{"start":{"line":181,"column":16},"end":{"line":181,"column":77}},"63":{"start":{"line":184,"column":29},"end":{"line":184,"column":61}},"64":{"start":{"line":186,"column":12},"end":{"line":186,"column":31}},"65":{"start":{"line":187,"column":12},"end":{"line":187,"column":32}},"66":{"start":{"line":188,"column":12},"end":{"line":188,"column":39}},"67":{"start":{"line":189,"column":12},"end":{"line":191,"column":13}},"68":{"start":{"line":190,"column":16},"end":{"line":190,"column":63}},"69":{"start":{"line":192,"column":12},"end":{"line":199,"column":13}},"70":{"start":{"line":193,"column":31},"end":{"line":193,"column":63}},"71":{"start":{"line":194,"column":16},"end":{"line":196,"column":17}},"72":{"start":{"line":195,"column":20},"end":{"line":195,"column":59}},"73":{"start":{"line":198,"column":16},"end":{"line":198,"column":28}},"74":{"start":{"line":201,"column":12},"end":{"line":201,"column":82}},"75":{"start":{"line":205,"column":4},"end":{"line":426,"column":6}},"76":{"start":{"line":429,"column":0},"end":{"line":429,"column":22}}},"fnMap":{"0":{"name":"(anonymous_0)","decl":{"start":{"line":33,"column":41},"end":{"line":33,"column":42}},"loc":{"start":{"line":33,"column":64},"end":{"line":427,"column":1}}},"1":{"name":"(anonymous_1)","decl":{"start":{"line":66,"column":29},"end":{"line":66,"column":34}},"loc":{"start":{"line":66,"column":40},"end":{"line":80,"column":5}}},"2":{"name":"(anonymous_2)","decl":{"start":{"line":82,"column":22},"end":{"line":82,"column":27}},"loc":{"start":{"line":82,"column":33},"end":{"line":96,"column":5}}},"3":{"name":"(anonymous_3)","decl":{"start":{"line":98,"column":14},"end":{"line":98,"column":17}},"loc":{"start":{"line":98,"column":19},"end":{"line":101,"column":5}}},"4":{"name":"(anonymous_4)","decl":{"start":{"line":103,"column":25},"end":{"line":103,"column":26}},"loc":{"start":{"line":103,"column":68},"end":{"line":109,"column":5}}},"5":{"name":"(anonymous_5)","decl":{"start":{"line":105,"column":20},"end":{"line":105,"column":21}},"loc":{"start":{"line":105,"column":35},"end":{"line":108,"column":10}}},"6":{"name":"(anonymous_6)","decl":{"start":{"line":111,"column":30},"end":{"line":111,"column":31}},"loc":{"start":{"line":111,"column":74},"end":{"line":117,"column":5}}},"7":{"name":"(anonymous_7)","decl":{"start":{"line":113,"column":20},"end":{"line":113,"column":28}},"loc":{"start":{"line":113,"column":33},"end":{"line":116,"column":10}}},"8":{"name":"(anonymous_8)","decl":{"start":{"line":119,"column":23},"end":{"line":119,"column":24}},"loc":{"start":{"line":119,"column":66},"end":{"line":122,"column":5}}},"9":{"name":"(anonymous_9)","decl":{"start":{"line":124,"column":25},"end":{"line":124,"column":30}},"loc":{"start":{"line":124,"column":74},"end":{"line":203,"column":5}}},"10":{"name":"(anonymous_10)","decl":{"start":{"line":129,"column":20},"end":{"line":129,"column":21}},"loc":{"start":{"line":129,"column":31},"end":{"line":129,"column":59}}},"11":{"name":"(anonymous_11)","decl":{"start":{"line":130,"column":18},"end":{"line":130,"column":19}},"loc":{"start":{"line":130,"column":33},"end":{"line":130,"column":45}}}},"branchMap":{"0":{"loc":{"start":{"line":72,"column":12},"end":{"line":76,"column":13}},"type":"if","locations":[{"start":{"line":72,"column":12},"end":{"line":76,"column":13}}]},"1":{"loc":{"start":{"line":88,"column":12},"end":{"line":92,"column":13}},"type":"if","locations":[{"start":{"line":88,"column":12},"end":{"line":92,"column":13}}]},"2":{"loc":{"start":{"line":132,"column":8},"end":{"line":136,"column":9}},"type":"if","locations":[{"start":{"line":132,"column":8},"end":{"line":136,"column":9}}]},"3":{"loc":{"start":{"line":158,"column":8},"end":{"line":176,"column":9}},"type":"if","locations":[{"start":{"line":158,"column":8},"end":{"line":176,"column":9}},{"start":{"line":167,"column":15},"end":{"line":176,"column":9}}]},"4":{"loc":{"start":{"line":180,"column":12},"end":{"line":182,"column":13}},"type":"if","locations":[{"start":{"line":180,"column":12},"end":{"line":182,"column":13}}]},"5":{"loc":{"start":{"line":189,"column":12},"end":{"line":191,"column":13}},"type":"if","locations":[{"start":{"line":189,"column":12},"end":{"line":191,"column":13}}]},"6":{"loc":{"start":{"line":192,"column":12},"end":{"line":199,"column":13}},"type":"if","locations":[{"start":{"line":192,"column":12},"end":{"line":199,"column":13}}]},"7":{"loc":{"start":{"line":194,"column":16},"end":{"line":196,"column":17}},"type":"if","locations":[{"start":{"line":194,"column":16},"end":{"line":196,"column":17}}]},"8":{"loc":{"start":{"line":208,"column":17},"end":{"line":211,"column":null}},"type":"binary-expr","locations":[{"start":{"line":208,"column":17},"end":{"line":208,"column":26}},{"start":{"line":209,"column":20},"end":{"line":210,"column":null}}]},"9":{"loc":{"start":{"line":213,"column":17},"end":{"line":216,"column":null}},"type":"binary-expr","locations":[{"start":{"line":213,"column":17},"end":{"line":213,"column":26}},{"start":{"line":214,"column":20},"end":{"line":215,"column":null}}]}},"s":{"0":1,"1":1,"2":1,"3":1,"4":1,"5":7,"6":7,"7":7,"8":7,"9":7,"10":7,"11":7,"12":7,"13":7,"14":7,"15":4,"16":4,"17":0,"18":0,"19":0,"20":0,"21":0,"22":7,"23":4,"24":4,"25":0,"26":0,"27":0,"28":0,"29":0,"30":7,"31":4,"32":4,"33":7,"34":1,"35":1,"36":1,"37":7,"38":1,"39":1,"40":1,"41":7,"42":0,"43":0,"44":7,"45":0,"46":0,"47":0,"48":0,"49":0,"50":0,"51":0,"52":0,"53":0,"54":0,"55":0,"56":0,"57":0,"58":0,"59":0,"60":0,"61":0,"62":0,"63":0,"64":0,"65":0,"66":0,"67":0,"68":0,"69":0,"70":0,"71":0,"72":0,"73":0,"74":0,"75":7,"76":1},"f":{"0":7,"1":4,"2":4,"3":4,"4":1,"5":1,"6":1,"7":1,"8":0,"9":0,"10":0,"11":0},"b":{"0":[0],"1":[0],"2":[0],"3":[0,0],"4":[0],"5":[0],"6":[0],"7":[0],"8":[7,0],"9":[7,0]}}
}
