TN:
SF:src\components\INT1099.tsx
FN:31,(anonymous_0)
FN:63,(anonymous_1)
FN:79,(anonymous_2)
FN:95,(anonymous_3)
FN:100,(anonymous_4)
FN:105,(anonymous_5)
FN:106,(anonymous_6)
FN:138,(anonymous_7)
FN:139,(anonymous_8)
FN:147,(anonymous_9)
FN:151,(anonymous_10)
FN:154,(anonymous_11)
FN:160,(anonymous_12)
FNF:13
FNH:6
FNDA:5,(anonymous_0)
FNDA:3,(anonymous_1)
FNDA:3,(anonymous_2)
FNDA:3,(anonymous_3)
FNDA:0,(anonymous_4)
FNDA:0,(anonymous_5)
FNDA:0,(anonymous_6)
FNDA:0,(anonymous_7)
FNDA:0,(anonymous_8)
FNDA:0,(anonymous_9)
FNDA:1,(anonymous_10)
FNDA:1,(anonymous_11)
FNDA:0,(anonymous_12)
DA:1,1
DA:2,1
DA:3,1
DA:4,1
DA:31,1
DA:33,5
DA:35,5
DA:42,5
DA:54,5
DA:55,5
DA:56,5
DA:57,5
DA:60,5
DA:61,5
DA:63,5
DA:64,3
DA:65,3
DA:69,0
DA:70,0
DA:71,0
DA:72,0
DA:75,0
DA:79,5
DA:80,3
DA:81,3
DA:85,0
DA:86,0
DA:87,0
DA:91,0
DA:95,5
DA:96,3
DA:97,3
DA:100,5
DA:101,0
DA:103,0
DA:104,0
DA:105,0
DA:106,0
DA:108,0
DA:109,0
DA:110,0
DA:111,0
DA:114,0
DA:126,0
DA:127,0
DA:129,0
DA:130,0
DA:138,0
DA:140,0
DA:141,0
DA:143,0
DA:144,0
DA:145,0
DA:147,0
DA:151,5
DA:152,1
DA:154,1
DA:160,5
DA:161,0
DA:162,0
DA:167,5
DA:275,1
LF:62
LH:30
BRDA:69,0,0,0
BRDA:85,1,0,0
BRDA:108,2,0,0
BRDA:126,3,0,0
BRDA:126,3,1,0
BRDA:127,4,0,0
BRDA:127,4,1,0
BRDA:170,5,0,5
BRDA:170,5,1,0
BRDA:175,6,0,5
BRDA:175,6,1,0
BRF:11
BRH:2
end_of_record
TN:
SF:src\components\PersonalInfoForm.tsx
FN:35,(anonymous_0)
FN:75,(anonymous_1)
FN:91,(anonymous_2)
FN:112,(anonymous_3)
FN:117,(anonymous_4)
FN:119,(anonymous_5)
FN:127,(anonymous_6)
FN:136,(anonymous_7)
FN:143,(anonymous_8)
FN:152,(anonymous_9)
FN:155,(anonymous_10)
FN:198,(anonymous_11)
FN:201,(anonymous_12)
FN:206,(anonymous_13)
FN:211,(anonymous_14)
FN:218,(anonymous_15)
FN:224,(anonymous_16)
FN:226,(anonymous_17)
FN:232,(anonymous_18)
FN:236,(anonymous_19)
FN:240,(anonymous_20)
FN:244,(anonymous_21)
FN:509,(anonymous_22)
FNF:23
FNH:14
FNDA:15,(anonymous_0)
FNDA:8,(anonymous_1)
FNDA:8,(anonymous_2)
FNDA:8,(anonymous_3)
FNDA:1,(anonymous_4)
FNDA:1,(anonymous_5)
FNDA:0,(anonymous_6)
FNDA:0,(anonymous_7)
FNDA:8,(anonymous_8)
FNDA:0,(anonymous_9)
FNDA:0,(anonymous_10)
FNDA:1,(anonymous_11)
FNDA:1,(anonymous_12)
FNDA:0,(anonymous_13)
FNDA:0,(anonymous_14)
FNDA:0,(anonymous_15)
FNDA:1,(anonymous_16)
FNDA:1,(anonymous_17)
FNDA:1,(anonymous_18)
FNDA:1,(anonymous_19)
FNDA:1,(anonymous_20)
FNDA:0,(anonymous_21)
FNDA:0,(anonymous_22)
DA:1,1
DA:2,1
DA:3,1
DA:4,1
DA:5,1
DA:35,1
DA:37,15
DA:39,15
DA:54,15
DA:62,15
DA:63,15
DA:64,15
DA:65,15
DA:66,15
DA:67,15
DA:68,15
DA:70,15
DA:71,15
DA:75,15
DA:76,8
DA:77,8
DA:81,0
DA:82,0
DA:83,0
DA:84,0
DA:87,0
DA:91,15
DA:93,8
DA:94,8
DA:98,0
DA:99,0
DA:100,0
DA:102,0
DA:103,0
DA:104,0
DA:105,0
DA:108,0
DA:112,15
DA:113,8
DA:114,8
DA:117,15
DA:118,1
DA:119,1
DA:125,15
DA:127,15
DA:128,0
DA:129,0
DA:130,0
DA:131,0
DA:132,0
DA:133,0
DA:136,0
DA:140,0
DA:143,15
DA:144,8
DA:145,0
DA:146,0
DA:152,15
DA:154,0
DA:155,0
DA:157,0
DA:158,0
DA:159,0
DA:160,0
DA:161,0
DA:165,0
DA:175,0
DA:176,0
DA:177,0
DA:178,0
DA:179,0
DA:180,0
DA:182,0
DA:183,0
DA:185,0
DA:186,0
DA:187,0
DA:188,0
DA:190,0
DA:193,0
DA:198,15
DA:199,1
DA:200,1
DA:201,1
DA:205,0
DA:206,0
DA:211,0
DA:218,15
DA:219,0
DA:220,0
DA:221,0
DA:224,15
DA:225,1
DA:226,1
DA:232,15
DA:233,1
DA:236,15
DA:237,1
DA:240,15
DA:241,1
DA:244,15
DA:245,0
DA:246,0
DA:247,0
DA:249,0
DA:260,0
DA:263,0
DA:266,15
DA:510,0
DA:511,0
DA:512,0
DA:514,0
DA:527,1
LF:113
LH:52
BRDA:81,0,0,0
BRDA:98,1,0,0
BRDA:129,2,0,0
BRDA:144,3,0,0
BRDA:157,4,0,0
BRDA:167,5,0,0
BRDA:167,5,1,0
BRDA:176,6,0,0
BRDA:176,6,1,0
BRDA:182,7,0,0
BRDA:185,8,0,0
BRDA:187,9,0,0
BRDA:200,10,0,1
BRDA:200,10,1,0
BRDA:205,11,0,0
BRDA:205,11,1,0
BRDA:249,12,0,0
BRDA:250,13,0,0
BRDA:250,13,1,0
BRDA:250,13,2,0
BRDA:250,13,3,0
BRDA:250,13,4,0
BRDA:250,13,5,0
BRDA:250,13,6,0
BRDA:250,13,7,0
BRDA:250,13,8,0
BRDA:269,14,0,15
BRDA:269,14,1,0
BRDA:274,15,0,15
BRDA:274,15,1,0
BRF:30
BRH:3
end_of_record
TN:
SF:src\components\ReviewPage.tsx
FN:77,(anonymous_0)
FN:99,(anonymous_1)
FN:101,(anonymous_2)
FN:117,(anonymous_3)
FN:138,(anonymous_4)
FN:153,(anonymous_5)
FN:173,(anonymous_6)
FN:188,(anonymous_7)
FN:193,(anonymous_8)
FN:209,(anonymous_9)
FN:213,(anonymous_10)
FN:226,(anonymous_11)
FN:237,(anonymous_12)
FN:248,(anonymous_13)
FN:259,(anonymous_14)
FN:272,(anonymous_15)
FN:283,(anonymous_16)
FN:294,(anonymous_17)
FN:305,(anonymous_18)
FN:318,(anonymous_19)
FN:329,(anonymous_20)
FN:340,(anonymous_21)
FN:351,(anonymous_22)
FN:361,(anonymous_23)
FN:374,(anonymous_24)
FN:385,(anonymous_25)
FN:396,(anonymous_26)
FN:407,(anonymous_27)
FN:416,(anonymous_28)
FN:429,(anonymous_29)
FN:440,(anonymous_30)
FN:451,(anonymous_31)
FN:462,(anonymous_32)
FNF:33
FNH:6
FNDA:1,(anonymous_0)
FNDA:1,(anonymous_1)
FNDA:1,(anonymous_2)
FNDA:1,(anonymous_3)
FNDA:1,(anonymous_4)
FNDA:1,(anonymous_5)
FNDA:0,(anonymous_6)
FNDA:0,(anonymous_7)
FNDA:0,(anonymous_8)
FNDA:0,(anonymous_9)
FNDA:0,(anonymous_10)
FNDA:0,(anonymous_11)
FNDA:0,(anonymous_12)
FNDA:0,(anonymous_13)
FNDA:0,(anonymous_14)
FNDA:0,(anonymous_15)
FNDA:0,(anonymous_16)
FNDA:0,(anonymous_17)
FNDA:0,(anonymous_18)
FNDA:0,(anonymous_19)
FNDA:0,(anonymous_20)
FNDA:0,(anonymous_21)
FNDA:0,(anonymous_22)
FNDA:0,(anonymous_23)
FNDA:0,(anonymous_24)
FNDA:0,(anonymous_25)
FNDA:0,(anonymous_26)
FNDA:0,(anonymous_27)
FNDA:0,(anonymous_28)
FNDA:0,(anonymous_29)
FNDA:0,(anonymous_30)
FNDA:0,(anonymous_31)
FNDA:0,(anonymous_32)
DA:1,1
DA:2,1
DA:3,1
DA:4,1
DA:77,1
DA:79,1
DA:81,1
DA:88,1
DA:89,1
DA:90,1
DA:91,1
DA:92,1
DA:94,1
DA:95,1
DA:99,1
DA:101,1
DA:102,1
DA:103,1
DA:107,0
DA:108,0
DA:109,0
DA:110,0
DA:113,1
DA:117,1
DA:118,1
DA:119,1
DA:123,0
DA:124,0
DA:125,0
DA:126,0
DA:128,0
DA:135,1
DA:138,1
DA:139,1
DA:140,1
DA:144,0
DA:145,0
DA:146,0
DA:149,1
DA:153,1
DA:154,1
DA:155,1
DA:159,0
DA:160,0
DA:161,0
DA:164,1
DA:167,1
DA:168,1
DA:169,1
DA:170,1
DA:173,1
DA:177,0
DA:178,0
DA:179,0
DA:180,0
DA:181,0
DA:182,0
DA:183,0
DA:188,1
DA:189,0
DA:190,0
DA:193,1
DA:194,0
DA:195,0
DA:198,1
DA:209,0
DA:213,0
DA:226,0
DA:237,0
DA:248,0
DA:259,0
DA:272,0
DA:283,0
DA:294,0
DA:305,0
DA:318,0
DA:329,0
DA:340,0
DA:351,0
DA:361,0
DA:374,0
DA:385,0
DA:396,0
DA:407,0
DA:416,0
DA:429,0
DA:440,0
DA:451,0
DA:462,0
DA:478,1
LF:90
LH:40
BRDA:107,0,0,0
BRDA:144,1,0,0
BRDA:159,2,0,0
BRDA:177,3,0,0
BRDA:177,4,0,0
BRDA:177,4,1,0
BRDA:177,4,2,0
BRDA:178,5,0,0
BRDA:178,5,1,0
BRDA:180,6,0,0
BRDA:180,6,1,0
BRDA:182,7,0,0
BRDA:205,8,0,1
BRDA:205,8,1,0
BRDA:225,9,0,1
BRDA:225,9,1,1
BRDA:236,10,0,1
BRDA:236,10,1,1
BRDA:247,11,0,1
BRDA:247,11,1,1
BRDA:258,12,0,1
BRDA:258,12,1,1
BRDA:271,13,0,1
BRDA:271,13,1,1
BRDA:282,14,0,1
BRDA:282,14,1,1
BRDA:293,15,0,1
BRDA:293,15,1,1
BRDA:304,16,0,1
BRDA:304,16,1,1
BRDA:317,17,0,1
BRDA:317,17,1,1
BRDA:328,18,0,1
BRDA:328,18,1,1
BRDA:339,19,0,1
BRDA:339,19,1,1
BRDA:350,20,0,0
BRDA:350,20,1,1
BRDA:350,21,0,1
BRDA:350,21,1,1
BRDA:373,22,0,0
BRDA:373,22,1,1
BRDA:384,23,0,0
BRDA:384,23,1,1
BRDA:395,24,0,0
BRDA:395,24,1,1
BRDA:406,25,0,0
BRDA:406,25,1,1
BRDA:428,26,0,1
BRDA:428,26,1,1
BRDA:439,27,0,0
BRDA:439,27,1,1
BRDA:450,28,0,0
BRDA:450,28,1,1
BRDA:461,29,0,0
BRDA:461,29,1,1
BRF:56
BRH:35
end_of_record
TN:
SF:src\components\W2Form.tsx
FN:33,(anonymous_0)
FN:66,(anonymous_1)
FN:82,(anonymous_2)
FN:98,(anonymous_3)
FN:103,(anonymous_4)
FN:105,(anonymous_5)
FN:111,(anonymous_6)
FN:113,(anonymous_7)
FN:119,(anonymous_8)
FN:124,(anonymous_9)
FN:129,(anonymous_10)
FN:130,(anonymous_11)
FNF:12
FNH:8
FNDA:7,(anonymous_0)
FNDA:4,(anonymous_1)
FNDA:4,(anonymous_2)
FNDA:4,(anonymous_3)
FNDA:1,(anonymous_4)
FNDA:1,(anonymous_5)
FNDA:1,(anonymous_6)
FNDA:1,(anonymous_7)
FNDA:0,(anonymous_8)
FNDA:0,(anonymous_9)
FNDA:0,(anonymous_10)
FNDA:0,(anonymous_11)
DA:1,1
DA:2,1
DA:3,1
DA:4,1
DA:33,1
DA:35,7
DA:37,7
DA:51,7
DA:58,7
DA:59,7
DA:60,7
DA:61,7
DA:63,7
DA:64,7
DA:66,7
DA:67,4
DA:68,4
DA:72,0
DA:73,0
DA:74,0
DA:75,0
DA:78,0
DA:82,7
DA:83,4
DA:84,4
DA:88,0
DA:89,0
DA:90,0
DA:91,0
DA:94,0
DA:98,7
DA:99,4
DA:100,4
DA:103,7
DA:104,1
DA:105,1
DA:111,7
DA:112,1
DA:113,1
DA:119,7
DA:120,0
DA:121,0
DA:124,7
DA:125,0
DA:127,0
DA:128,0
DA:129,0
DA:130,0
DA:132,0
DA:133,0
DA:134,0
DA:135,0
DA:138,0
DA:141,0
DA:158,0
DA:159,0
DA:168,0
DA:178,0
DA:179,0
DA:180,0
DA:181,0
DA:184,0
DA:186,0
DA:187,0
DA:188,0
DA:189,0
DA:190,0
DA:192,0
DA:193,0
DA:194,0
DA:195,0
DA:198,0
DA:201,0
DA:205,7
DA:429,1
LF:75
LH:33
BRDA:72,0,0,0
BRDA:88,1,0,0
BRDA:132,2,0,0
BRDA:158,3,0,0
BRDA:158,3,1,0
BRDA:180,4,0,0
BRDA:189,5,0,0
BRDA:192,6,0,0
BRDA:194,7,0,0
BRDA:208,8,0,7
BRDA:208,8,1,0
BRDA:213,9,0,7
BRDA:213,9,1,0
BRF:13
BRH:2
end_of_record
