TN:
SF:src\components\INT1099.tsx
FN:32,(anonymous_0)
FN:70,(anonymous_1)
FN:87,getCookie
FN:104,(anonymous_3)
FN:123,(anonymous_4)
FN:130,(anonymous_5)
FN:136,(anonymous_6)
FN:137,(anonymous_7)
FN:175,(anonymous_8)
FN:176,(anonymous_9)
FN:187,(anonymous_10)
FN:192,(anonymous_11)
FN:195,(anonymous_12)
FN:202,(anonymous_13)
FNF:14
FNH:7
FNDA:5,(anonymous_0)
FNDA:3,(anonymous_1)
FNDA:5,getCookie
FNDA:3,(anonymous_3)
FNDA:3,(anonymous_4)
FNDA:0,(anonymous_5)
FNDA:0,(anonymous_6)
FNDA:0,(anonymous_7)
FNDA:0,(anonymous_8)
FNDA:0,(anonymous_9)
FNDA:0,(anonymous_10)
FNDA:1,(anonymous_11)
FNDA:1,(anonymous_12)
FNDA:0,(anonymous_13)
DA:1,1
DA:2,1
DA:3,1
DA:4,1
DA:32,1
DA:35,5
DA:38,5
DA:46,5
DA:59,5
DA:60,5
DA:61,5
DA:62,5
DA:66,5
DA:67,5
DA:70,5
DA:71,3
DA:72,3
DA:76,0
DA:77,0
DA:78,0
DA:79,0
DA:82,0
DA:88,5
DA:89,5
DA:90,0
DA:91,0
DA:92,0
DA:93,0
DA:94,0
DA:98,5
DA:101,5
DA:104,5
DA:105,3
DA:107,3
DA:112,0
DA:113,0
DA:114,0
DA:118,0
DA:123,5
DA:124,3
DA:125,3
DA:130,5
DA:131,0
DA:134,0
DA:135,0
DA:136,0
DA:137,0
DA:140,0
DA:141,0
DA:142,0
DA:143,0
DA:147,0
DA:160,0
DA:161,0
DA:163,0
DA:164,0
DA:169,0
DA:175,0
DA:177,0
DA:180,0
DA:183,0
DA:184,0
DA:185,0
DA:187,0
DA:192,5
DA:193,1
DA:195,1
DA:202,5
DA:203,0
DA:204,0
DA:210,5
DA:322,1
LF:72
LH:34
BRDA:76,0,0,0
BRDA:89,1,0,0
BRDA:89,2,0,5
BRDA:89,2,1,0
BRDA:93,3,0,0
BRDA:112,4,0,0
BRDA:140,5,0,0
BRDA:160,6,0,0
BRDA:160,6,1,0
BRDA:161,7,0,0
BRDA:161,7,1,0
BRDA:166,8,0,0
BRDA:166,8,1,0
BRDA:214,9,0,5
BRDA:214,9,1,0
BRDA:219,10,0,5
BRDA:219,10,1,0
BRF:17
BRH:3
end_of_record
TN:
SF:src\components\PersonalInfoForm.tsx
FN:35,(anonymous_0)
FN:74,(anonymous_1)
FN:92,getCookie
FN:108,(anonymous_3)
FN:128,(anonymous_4)
FN:134,(anonymous_5)
FN:136,(anonymous_6)
FN:145,(anonymous_7)
FN:153,(anonymous_8)
FN:161,(anonymous_9)
FN:171,(anonymous_10)
FN:174,(anonymous_11)
FN:216,(anonymous_12)
FN:219,(anonymous_13)
FN:224,(anonymous_14)
FN:229,(anonymous_15)
FN:236,(anonymous_16)
FN:242,(anonymous_17)
FN:244,(anonymous_18)
FN:250,(anonymous_19)
FN:254,(anonymous_20)
FN:258,(anonymous_21)
FN:263,(anonymous_22)
FN:531,(anonymous_23)
FNF:24
FNH:15
FNDA:15,(anonymous_0)
FNDA:8,(anonymous_1)
FNDA:15,getCookie
FNDA:8,(anonymous_3)
FNDA:8,(anonymous_4)
FNDA:1,(anonymous_5)
FNDA:1,(anonymous_6)
FNDA:0,(anonymous_7)
FNDA:0,(anonymous_8)
FNDA:8,(anonymous_9)
FNDA:0,(anonymous_10)
FNDA:0,(anonymous_11)
FNDA:1,(anonymous_12)
FNDA:1,(anonymous_13)
FNDA:0,(anonymous_14)
FNDA:0,(anonymous_15)
FNDA:0,(anonymous_16)
FNDA:1,(anonymous_17)
FNDA:1,(anonymous_18)
FNDA:1,(anonymous_19)
FNDA:1,(anonymous_20)
FNDA:1,(anonymous_21)
FNDA:0,(anonymous_22)
FNDA:0,(anonymous_23)
DA:1,1
DA:2,1
DA:3,1
DA:4,1
DA:5,1
DA:35,1
DA:37,15
DA:39,15
DA:54,15
DA:61,15
DA:62,15
DA:63,15
DA:64,15
DA:65,15
DA:66,15
DA:67,15
DA:69,15
DA:70,15
DA:74,15
DA:75,8
DA:76,8
DA:80,0
DA:81,0
DA:82,0
DA:83,0
DA:86,0
DA:93,15
DA:94,15
DA:95,0
DA:96,0
DA:97,0
DA:98,0
DA:99,0
DA:102,15
DA:105,15
DA:108,15
DA:109,8
DA:110,8
DA:114,0
DA:115,0
DA:116,0
DA:117,0
DA:118,0
DA:119,0
DA:120,0
DA:123,0
DA:128,15
DA:129,8
DA:130,8
DA:134,15
DA:135,1
DA:136,1
DA:142,15
DA:145,15
DA:146,0
DA:147,0
DA:148,0
DA:149,0
DA:150,0
DA:151,0
DA:153,0
DA:157,0
DA:161,15
DA:162,8
DA:163,0
DA:164,0
DA:171,15
DA:173,0
DA:174,0
DA:175,0
DA:176,0
DA:177,0
DA:178,0
DA:179,0
DA:182,0
DA:194,0
DA:195,0
DA:196,0
DA:197,0
DA:198,0
DA:199,0
DA:200,0
DA:201,0
DA:203,0
DA:204,0
DA:205,0
DA:206,0
DA:208,0
DA:211,0
DA:216,15
DA:217,1
DA:218,1
DA:219,1
DA:223,0
DA:224,0
DA:229,0
DA:236,15
DA:237,0
DA:238,0
DA:239,0
DA:242,15
DA:243,1
DA:244,1
DA:250,15
DA:251,1
DA:254,15
DA:255,1
DA:258,15
DA:259,1
DA:263,15
DA:264,0
DA:265,0
DA:266,0
DA:267,0
DA:278,0
DA:280,0
DA:283,15
DA:532,0
DA:533,0
DA:534,0
DA:536,0
DA:547,1
LF:122
LH:56
BRDA:80,0,0,0
BRDA:94,1,0,0
BRDA:94,2,0,15
BRDA:94,2,1,0
BRDA:98,3,0,0
BRDA:114,4,0,0
BRDA:147,5,0,0
BRDA:162,6,0,0
BRDA:175,7,0,0
BRDA:184,8,0,0
BRDA:184,8,1,0
BRDA:195,9,0,0
BRDA:195,9,1,0
BRDA:200,10,0,0
BRDA:203,11,0,0
BRDA:205,12,0,0
BRDA:218,13,0,1
BRDA:218,13,1,0
BRDA:223,14,0,0
BRDA:223,14,1,0
BRDA:267,15,0,0
BRDA:268,16,0,0
BRDA:268,16,1,0
BRDA:268,16,2,0
BRDA:268,16,3,0
BRDA:268,16,4,0
BRDA:268,16,5,0
BRDA:268,16,6,0
BRDA:268,16,7,0
BRDA:268,16,8,0
BRDA:286,17,0,15
BRDA:286,17,1,0
BRDA:291,18,0,15
BRDA:291,18,1,0
BRF:34
BRH:4
end_of_record
TN:
SF:src\components\ReviewPage.tsx
FN:78,(anonymous_0)
FN:105,(anonymous_1)
FN:108,(anonymous_2)
FN:126,(anonymous_3)
FN:149,(anonymous_4)
FN:166,(anonymous_5)
FN:190,(anonymous_6)
FN:206,(anonymous_7)
FN:212,(anonymous_8)
FN:230,(anonymous_9)
FN:234,(anonymous_10)
FN:247,(anonymous_11)
FN:258,(anonymous_12)
FN:269,(anonymous_13)
FN:280,(anonymous_14)
FN:293,(anonymous_15)
FN:304,(anonymous_16)
FN:315,(anonymous_17)
FN:326,(anonymous_18)
FN:339,(anonymous_19)
FN:350,(anonymous_20)
FN:361,(anonymous_21)
FN:372,(anonymous_22)
FN:383,(anonymous_23)
FN:396,(anonymous_24)
FN:407,(anonymous_25)
FN:418,(anonymous_26)
FN:429,(anonymous_27)
FN:440,(anonymous_28)
FN:453,(anonymous_29)
FN:464,(anonymous_30)
FN:475,(anonymous_31)
FN:486,(anonymous_32)
FNF:33
FNH:6
FNDA:1,(anonymous_0)
FNDA:1,(anonymous_1)
FNDA:1,(anonymous_2)
FNDA:1,(anonymous_3)
FNDA:1,(anonymous_4)
FNDA:1,(anonymous_5)
FNDA:0,(anonymous_6)
FNDA:0,(anonymous_7)
FNDA:0,(anonymous_8)
FNDA:0,(anonymous_9)
FNDA:0,(anonymous_10)
FNDA:0,(anonymous_11)
FNDA:0,(anonymous_12)
FNDA:0,(anonymous_13)
FNDA:0,(anonymous_14)
FNDA:0,(anonymous_15)
FNDA:0,(anonymous_16)
FNDA:0,(anonymous_17)
FNDA:0,(anonymous_18)
FNDA:0,(anonymous_19)
FNDA:0,(anonymous_20)
FNDA:0,(anonymous_21)
FNDA:0,(anonymous_22)
FNDA:0,(anonymous_23)
FNDA:0,(anonymous_24)
FNDA:0,(anonymous_25)
FNDA:0,(anonymous_26)
FNDA:0,(anonymous_27)
FNDA:0,(anonymous_28)
FNDA:0,(anonymous_29)
FNDA:0,(anonymous_30)
FNDA:0,(anonymous_31)
FNDA:0,(anonymous_32)
DA:1,1
DA:2,1
DA:3,1
DA:4,1
DA:78,1
DA:81,1
DA:84,1
DA:92,1
DA:93,1
DA:94,1
DA:95,1
DA:96,1
DA:99,1
DA:100,1
DA:105,1
DA:108,1
DA:109,1
DA:110,1
DA:114,0
DA:115,0
DA:117,0
DA:118,0
DA:121,1
DA:126,1
DA:127,1
DA:128,1
DA:132,0
DA:133,0
DA:134,0
DA:136,0
DA:138,0
DA:145,1
DA:149,1
DA:150,1
DA:151,1
DA:155,0
DA:156,0
DA:158,0
DA:161,1
DA:166,1
DA:167,1
DA:168,1
DA:172,0
DA:173,0
DA:175,0
DA:178,1
DA:183,1
DA:184,1
DA:185,1
DA:186,1
DA:190,1
DA:194,0
DA:195,0
DA:196,0
DA:197,0
DA:198,0
DA:199,0
DA:200,0
DA:206,1
DA:207,0
DA:208,0
DA:212,1
DA:213,0
DA:214,0
DA:218,1
DA:230,0
DA:234,0
DA:247,0
DA:258,0
DA:269,0
DA:280,0
DA:293,0
DA:304,0
DA:315,0
DA:326,0
DA:339,0
DA:350,0
DA:361,0
DA:372,0
DA:383,0
DA:396,0
DA:407,0
DA:418,0
DA:429,0
DA:440,0
DA:453,0
DA:464,0
DA:475,0
DA:486,0
DA:503,1
LF:90
LH:40
BRDA:114,0,0,0
BRDA:155,1,0,0
BRDA:172,2,0,0
BRDA:194,3,0,0
BRDA:194,4,0,0
BRDA:194,4,1,0
BRDA:194,4,2,0
BRDA:195,5,0,0
BRDA:195,5,1,0
BRDA:197,6,0,0
BRDA:197,6,1,0
BRDA:199,7,0,0
BRDA:226,8,0,1
BRDA:226,8,1,0
BRDA:246,9,0,1
BRDA:246,9,1,1
BRDA:257,10,0,1
BRDA:257,10,1,1
BRDA:268,11,0,1
BRDA:268,11,1,1
BRDA:279,12,0,1
BRDA:279,12,1,1
BRDA:292,13,0,1
BRDA:292,13,1,1
BRDA:303,14,0,1
BRDA:303,14,1,1
BRDA:314,15,0,1
BRDA:314,15,1,1
BRDA:325,16,0,1
BRDA:325,16,1,1
BRDA:338,17,0,1
BRDA:338,17,1,1
BRDA:349,18,0,1
BRDA:349,18,1,1
BRDA:360,19,0,1
BRDA:360,19,1,1
BRDA:371,20,0,0
BRDA:371,20,1,1
BRDA:371,21,0,1
BRDA:371,21,1,1
BRDA:395,22,0,0
BRDA:395,22,1,1
BRDA:406,23,0,0
BRDA:406,23,1,1
BRDA:417,24,0,0
BRDA:417,24,1,1
BRDA:428,25,0,0
BRDA:428,25,1,1
BRDA:452,26,0,1
BRDA:452,26,1,1
BRDA:463,27,0,0
BRDA:463,27,1,1
BRDA:474,28,0,0
BRDA:474,28,1,1
BRDA:485,29,0,0
BRDA:485,29,1,1
BRF:56
BRH:35
end_of_record
TN:
SF:src\components\W2Form.tsx
FN:33,(anonymous_0)
FN:67,(anonymous_1)
FN:84,getCookie
FN:101,(anonymous_3)
FN:118,(anonymous_4)
FN:126,(anonymous_5)
FN:128,(anonymous_6)
FN:134,(anonymous_7)
FN:136,(anonymous_8)
FN:143,(anonymous_9)
FN:149,(anonymous_10)
FN:153,(anonymous_11)
FN:154,(anonymous_12)
FNF:13
FNH:9
FNDA:7,(anonymous_0)
FNDA:4,(anonymous_1)
FNDA:7,getCookie
FNDA:4,(anonymous_3)
FNDA:4,(anonymous_4)
FNDA:1,(anonymous_5)
FNDA:1,(anonymous_6)
FNDA:1,(anonymous_7)
FNDA:1,(anonymous_8)
FNDA:0,(anonymous_9)
FNDA:0,(anonymous_10)
FNDA:0,(anonymous_11)
FNDA:0,(anonymous_12)
DA:1,1
DA:2,1
DA:3,1
DA:4,1
DA:33,1
DA:35,7
DA:37,7
DA:51,7
DA:58,7
DA:59,7
DA:60,7
DA:61,7
DA:63,7
DA:64,7
DA:67,7
DA:68,4
DA:69,4
DA:73,0
DA:74,0
DA:75,0
DA:76,0
DA:79,0
DA:85,7
DA:86,7
DA:87,0
DA:88,0
DA:89,0
DA:90,0
DA:91,0
DA:95,7
DA:98,7
DA:101,7
DA:102,4
DA:103,4
DA:107,0
DA:108,0
DA:109,0
DA:110,0
DA:113,0
DA:118,7
DA:119,4
DA:120,4
DA:126,7
DA:127,1
DA:128,1
DA:134,7
DA:135,1
DA:136,1
DA:143,7
DA:144,0
DA:145,0
DA:149,7
DA:150,0
DA:151,0
DA:152,0
DA:153,0
DA:154,0
DA:155,0
DA:156,0
DA:157,0
DA:158,0
DA:160,0
DA:163,0
DA:179,0
DA:180,0
DA:190,0
DA:200,0
DA:201,0
DA:202,0
DA:203,0
DA:205,0
DA:206,0
DA:207,0
DA:208,0
DA:209,0
DA:210,0
DA:212,0
DA:213,0
DA:214,0
DA:215,0
DA:217,0
DA:220,0
DA:224,7
DA:446,1
LF:84
LH:37
BRDA:73,0,0,0
BRDA:86,1,0,0
BRDA:86,2,0,7
BRDA:86,2,1,0
BRDA:90,3,0,0
BRDA:107,4,0,0
BRDA:155,5,0,0
BRDA:179,6,0,0
BRDA:179,6,1,0
BRDA:202,7,0,0
BRDA:209,8,0,0
BRDA:212,9,0,0
BRDA:214,10,0,0
BRDA:227,11,0,7
BRDA:227,11,1,0
BRDA:232,12,0,7
BRDA:232,12,1,0
BRF:17
BRH:3
end_of_record
